Using pre-set license
Built from '2022.3/staging' branch; Version is '2022.3.46f1 (8e9b8558c41a) revision 9345925'; Using compiler version '192829333'; Build Type 'Release'
OS: 'Windows 11  (10.0.22631) 64bit Core' Language: 'it' Physical Memory: 32654 MB
BatchMode: 1, IsHumanControllingUs: 0, StartBugReporterOnCrash: 0, Is64bit: 1, IsPro: 1

COMMAND LINE ARGUMENTS:
C:\Program Files\Unity\Hub\Editor\2022.3.46f1\Editor\Unity.exe
-adb2
-batchMode
-noUpm
-name
AssetImportWorker4
-projectPath
E:/GITHUB/ProgettiUnity/Labyrinth/VR
-logFile
Logs/AssetImportWorker4.log
-srvPort
60041
Successfully changed project path to: E:/GITHUB/ProgettiUnity/Labyrinth/VR
E:/GITHUB/ProgettiUnity/Labyrinth/VR
[UnityMemory] Configuration Parameters - Can be set up in boot.config
    "memorysetup-bucket-allocator-granularity=16"
    "memorysetup-bucket-allocator-bucket-count=8"
    "memorysetup-bucket-allocator-block-size=33554432"
    "memorysetup-bucket-allocator-block-count=8"
    "memorysetup-main-allocator-block-size=16777216"
    "memorysetup-thread-allocator-block-size=16777216"
    "memorysetup-gfx-main-allocator-block-size=16777216"
    "memorysetup-gfx-thread-allocator-block-size=16777216"
    "memorysetup-cache-allocator-block-size=4194304"
    "memorysetup-typetree-allocator-block-size=2097152"
    "memorysetup-profiler-bucket-allocator-granularity=16"
    "memorysetup-profiler-bucket-allocator-bucket-count=8"
    "memorysetup-profiler-bucket-allocator-block-size=33554432"
    "memorysetup-profiler-bucket-allocator-block-count=8"
    "memorysetup-profiler-allocator-block-size=16777216"
    "memorysetup-profiler-editor-allocator-block-size=1048576"
    "memorysetup-temp-allocator-size-main=16777216"
    "memorysetup-job-temp-allocator-block-size=2097152"
    "memorysetup-job-temp-allocator-block-size-background=1048576"
    "memorysetup-job-temp-allocator-reduction-small-platforms=262144"
    "memorysetup-allocator-temp-initial-block-size-main=262144"
    "memorysetup-allocator-temp-initial-block-size-worker=262144"
    "memorysetup-temp-allocator-size-background-worker=32768"
    "memorysetup-temp-allocator-size-job-worker=262144"
    "memorysetup-temp-allocator-size-preload-manager=33554432"
    "memorysetup-temp-allocator-size-nav-mesh-worker=65536"
    "memorysetup-temp-allocator-size-audio-worker=65536"
    "memorysetup-temp-allocator-size-cloud-worker=32768"
    "memorysetup-temp-allocator-size-gi-baking-worker=262144"
    "memorysetup-temp-allocator-size-gfx=262144"
Player connection [31376]  Target information:

Player connection [31376]  * "[IP] 192.168.1.112 [Port] 0 [Flags] 2 [Guid] 2136170762 [EditorId] 2136170762 [Version] 1048832 [Id] WindowsEditor(7,PcFissoGabriele) [Debug] 1 [PackageName] WindowsEditor [ProjectName] Editor" 

Player connection [31376]  * "[IP] 25.47.133.38 [Port] 0 [Flags] 2 [Guid] 2136170762 [EditorId] 2136170762 [Version] 1048832 [Id] WindowsEditor(7,PcFissoGabriele) [Debug] 1 [PackageName] WindowsEditor [ProjectName] Editor" 

Player connection [31376]  * "[IP] 26.204.79.169 [Port] 0 [Flags] 2 [Guid] 2136170762 [EditorId] 2136170762 [Version] 1048832 [Id] WindowsEditor(7,PcFissoGabriele) [Debug] 1 [PackageName] WindowsEditor [ProjectName] Editor" 

Player connection [31376] Host joined multi-casting on [225.0.0.222:54997]...
Player connection [31376] Host joined alternative multi-casting on [225.0.0.222:34997]...
[PhysX] Initialized MultithreadedTaskDispatcher with 12 workers.
Refreshing native plugins compatible for Editor in 1072.72 ms, found 12 plugins.
Preloading 1 native plugins for Editor in 0.60 ms.
Initialize engine version: 2022.3.46f1 (8e9b8558c41a)
[Subsystems] Discovering subsystems at path C:/Program Files/Unity/Hub/Editor/2022.3.46f1/Editor/Data/Resources/UnitySubsystems
[Subsystems] Discovering subsystems at path E:/GITHUB/ProgettiUnity/Labyrinth/VR/Assets
GfxDevice: creating device client; threaded=0; jobified=0
Direct3D:
    Version:  Direct3D 11.0 [level 11.1]
    Renderer: NVIDIA GeForce RTX 3060 Ti (ID=0x2489)
    Vendor:   NVIDIA
    VRAM:     8024 MB
    Driver:   32.0.15.6590
Initialize mono
Mono path[0] = 'C:/Program Files/Unity/Hub/Editor/2022.3.46f1/Editor/Data/Managed'
Mono path[1] = 'C:/Program Files/Unity/Hub/Editor/2022.3.46f1/Editor/Data/MonoBleedingEdge/lib/mono/unityjit-win32'
Mono config path = 'C:/Program Files/Unity/Hub/Editor/2022.3.46f1/Editor/Data/MonoBleedingEdge/etc'
Using monoOptions --debugger-agent=transport=dt_socket,embedding=1,server=y,suspend=n,address=127.0.0.1:56340
Begin MonoManager ReloadAssembly
Registering precompiled unity dll's ...
Register platform support module: C:/Program Files/Unity/Hub/Editor/2022.3.46f1/Editor/Data/PlaybackEngines/WebGLSupport/UnityEditor.WebGL.Extensions.dll
Register platform support module: C:/Program Files/Unity/Hub/Editor/2022.3.46f1/Editor/Data/PlaybackEngines/AndroidPlayer/UnityEditor.Android.Extensions.dll
Register platform support module: C:/Program Files/Unity/Hub/Editor/2022.3.46f1/Editor/Data/PlaybackEngines/WindowsStandaloneSupport/UnityEditor.WindowsStandalone.Extensions.dll
Registered in 0.016538 seconds.
- Loaded All Assemblies, in  1.006 seconds
Native extension for WindowsStandalone target not found
Native extension for Android target not found
Android Extension - Scanning For ADB Devices 416 ms
Native extension for WebGL target not found
Mono: successfully reloaded assembly
- Finished resetting the current domain, in  0.763 seconds
Domain Reload Profiling: 1767ms
	BeginReloadAssembly (125ms)
		ExecutionOrderSort (0ms)
		DisableScriptedObjects (0ms)
		BackupInstance (0ms)
		ReleaseScriptingObjects (0ms)
		CreateAndSetChildDomain (1ms)
	RebuildCommonClasses (208ms)
	RebuildNativeTypeToScriptingClass (13ms)
	initialDomainReloadingComplete (78ms)
	LoadAllAssembliesAndSetupDomain (579ms)
		LoadAssemblies (123ms)
		RebuildTransferFunctionScriptingTraits (0ms)
		AnalyzeDomain (576ms)
			TypeCache.Refresh (575ms)
				TypeCache.ScanAssembly (561ms)
			ScanForSourceGeneratedMonoScriptInfo (0ms)
			ResolveRequiredComponents (0ms)
	FinalizeReload (764ms)
		ReleaseScriptCaches (0ms)
		RebuildScriptCaches (0ms)
		SetupLoadedEditorAssemblies (715ms)
			LogAssemblyErrors (0ms)
			InitializePlatformSupportModulesInManaged (521ms)
			SetLoadedEditorAssemblies (4ms)
			RefreshPlugins (0ms)
			BeforeProcessingInitializeOnLoad (2ms)
			ProcessInitializeOnLoadAttributes (133ms)
			ProcessInitializeOnLoadMethodAttributes (54ms)
			AfterProcessingInitializeOnLoad (0ms)
			EditorAssembliesLoaded (0ms)
		ExecutionOrderSort2 (0ms)
		AwakeInstancesAfterBackupRestoration (0ms)
========================================================================
Worker process is ready to serve import requests
Caller must complete domain reload
Begin MonoManager ReloadAssembly
- Loaded All Assemblies, in  1.163 seconds
Native extension for WindowsStandalone target not found
Native extension for Android target not found
Native extension for WebGL target not found
Package Manager log level set to [2]
[Package Manager] Server::EnsureServerProcessIsRunning -- launch failed, reason: Unity was launched with the -noUpm command-line argument
[Package Manager] UpmClient::Send -- Unable to send message (not connected to UPM process).
[Package Manager] Cannot connect to Unity Package Manager local server
System.Reflection.TargetInvocationException: Exception has been thrown by the target of an invocation. ---> System.NullReferenceException: Object reference not set to an instance of an object
  at Unity.XR.Oculus.OculusLoader.AssetPathToAbsolutePath (System.String assetPath) [0x0003d] in .\Library\PackageCache\com.unity.xr.oculus@4.2.0\Runtime\OculusLoader.cs:298 
  at Unity.XR.Oculus.OculusLoader.EditorLoadOVRPlugin () [0x0008c] in .\Library\PackageCache\com.unity.xr.oculus@4.2.0\Runtime\OculusLoader.cs:283 
  at (wrapper managed-to-native) System.Reflection.RuntimeMethodInfo.InternalInvoke(System.Reflection.RuntimeMethodInfo,object,object[],System.Exception&)
  at System.Reflection.RuntimeMethodInfo.Invoke (System.Object obj, System.Reflection.BindingFlags invokeAttr, System.Reflection.Binder binder, System.Object[] parameters, System.Globalization.CultureInfo culture) [0x0006a] in <8ce0bd04a7a04b4b9395538239d3fdd8>:0 
   --- End of inner exception stack trace ---
  at System.Reflection.RuntimeMethodInfo.Invoke (System.Object obj, System.Reflection.BindingFlags invokeAttr, System.Reflection.Binder binder, System.Object[] parameters, System.Globalization.CultureInfo culture) [0x00083] in <8ce0bd04a7a04b4b9395538239d3fdd8>:0 
  at System.Reflection.MethodBase.Invoke (System.Object obj, System.Object[] parameters) [0x00000] in <8ce0bd04a7a04b4b9395538239d3fdd8>:0 
  at UnityEditor.EditorAssemblies.ProcessInitializeOnLoadMethodAttributes () [0x000a5] in <e0a2c8363ef54a6393fed120beebdb7a>:0 
UnityEngine.StackTraceUtility:ExtractStackTrace ()
UnityEngine.DebugLogHandler:LogFormat (UnityEngine.LogType,UnityEngine.Object,string,object[])
UnityEngine.Logger:Log (UnityEngine.LogType,object)
UnityEngine.Debug:LogError (object)
UnityEditor.EditorAssemblies:ProcessInitializeOnLoadMethodAttributes ()

Mono: successfully reloaded assembly
[Package Manager] Server::EnsureServerProcessIsRunning -- launch failed, reason: Unity was launched with the -noUpm command-line argument
[Package Manager] UpmClient::Send -- Unable to send message (not connected to UPM process).
[Package Manager] Cannot connect to Unity Package Manager local server
[Package Manager] Server::EnsureServerProcessIsRunning -- launch failed, reason: Unity was launched with the -noUpm command-line argument
[Package Manager] UpmClient::Send -- Unable to send message (not connected to UPM process).
[Package Manager] Cannot connect to Unity Package Manager local server
- Finished resetting the current domain, in  1.203 seconds
Domain Reload Profiling: 2362ms
	BeginReloadAssembly (240ms)
		ExecutionOrderSort (0ms)
		DisableScriptedObjects (8ms)
		BackupInstance (0ms)
		ReleaseScriptingObjects (0ms)
		CreateAndSetChildDomain (59ms)
	RebuildCommonClasses (45ms)
	RebuildNativeTypeToScriptingClass (14ms)
	initialDomainReloadingComplete (55ms)
	LoadAllAssembliesAndSetupDomain (805ms)
		LoadAssemblies (528ms)
		RebuildTransferFunctionScriptingTraits (0ms)
		AnalyzeDomain (403ms)
			TypeCache.Refresh (336ms)
				TypeCache.ScanAssembly (306ms)
			ScanForSourceGeneratedMonoScriptInfo (42ms)
			ResolveRequiredComponents (22ms)
	FinalizeReload (1204ms)
		ReleaseScriptCaches (0ms)
		RebuildScriptCaches (0ms)
		SetupLoadedEditorAssemblies (955ms)
			LogAssemblyErrors (0ms)
			InitializePlatformSupportModulesInManaged (26ms)
			SetLoadedEditorAssemblies (5ms)
			RefreshPlugins (0ms)
			BeforeProcessingInitializeOnLoad (106ms)
			ProcessInitializeOnLoadAttributes (605ms)
			ProcessInitializeOnLoadMethodAttributes (200ms)
			AfterProcessingInitializeOnLoad (13ms)
			EditorAssembliesLoaded (1ms)
		ExecutionOrderSort2 (0ms)
		AwakeInstancesAfterBackupRestoration (9ms)
Launched and connected shader compiler UnityShaderCompiler.exe after 0.09 seconds
Refreshing native plugins compatible for Editor in 15.16 ms, found 12 plugins.
Preloading 1 native plugins for Editor in 0.04 ms.
Unloading 6558 Unused Serialized files (Serialized files now loaded: 0)
Unloading 98 unused Assets / (432.6 KB). Loaded Objects now: 7028.
Memory consumption went from 238.8 MB to 238.4 MB.
Total: 4.428000 ms (FindLiveObjects: 0.492400 ms CreateObjectMapping: 0.170800 ms MarkObjects: 3.459200 ms  DeleteObjects: 0.304700 ms)

AssetImportParameters requested are different than current active one (requested -> active):
  custom:container-demuxer-ogg: 62fdf1f143b41e24485cea50d1cbac27 -> 
  custom:framework-win-MediaFoundation: 216162199b28c13a410421893ffa2e32 -> 
  custom:container-muxer-webm: aa71ff27fc2769a1b78a27578f13a17b -> 
  custom:video-decoder-webm-vp8: 9c59270c3fd7afecdb556c50c9e8de78 -> 
  custom:SearchIndexIgnoredProperties: e643bd26f0fe6173181afceb89e7c659 -> 
  custom:AudioImporter_EditorPlatform: d09bf68614088b80899f8185d706f6e7 -> 
  custom:audio-decoder-ogg-vorbis: bf7c407c2cedff20999df2af8eb42d56 -> 
  custom:audio-encoder-webm-vorbis: bf7c407c2cedff20999df2af8eb42d56 -> 
  custom:video-codec-MediaFoundation-h265: 746d11721c4dcdbdad8f713fa42b33f4 -> 
  custom:video-decoder-ogg-theora: a1e56fd34408186e4bbccfd4996cb3dc -> 
  custom:CustomObjectIndexerAttribute: 72b91833f83ae208fae7752999fa3104 -> 
  custom:container-demuxer-webm: 4f35f7cbe854078d1ac9338744f61a02 -> 
  custom:video-encoder-webm-vp8: eb34c28f22e8b96e1ab97ce403110664 -> 
========================================================================
Received Import Request.
  Time since last request: 40604.192435 seconds.
  path: Assets/TextMesh Pro/Resources/LineBreaking Following Characters.txt
  artifactKey: Guid(fade42e8bc714b018fac513c043d323b) Importer(2089858483,0ecaa5967403d082aa24f35e1b516d23)
Start importing Assets/TextMesh Pro/Resources/LineBreaking Following Characters.txt using Guid(fade42e8bc714b018fac513c043d323b) Importer(2089858483,0ecaa5967403d082aa24f35e1b516d23) [PhysX] Initialized MultithreadedTaskDispatcher with 12 workers.
 -> (artifact id: 'ac662692b3c9a434074c3478c020419b') in 0.166100 seconds
Number of updated asset objects reloaded before import = 0
Number of asset objects unloaded after import = 1
========================================================================
Received Import Request.
  Time since last request: 0.000026 seconds.
  path: Assets/Samples/XR Interaction Toolkit/3.0.3/Starter Assets/DemoSceneAssets/Prefabs/Interactables/Interaction Affordance.prefab
  artifactKey: Guid(eb9104ef66b7305468adb3697fdeed5e) Importer(2089858483,0ecaa5967403d082aa24f35e1b516d23)
Start importing Assets/Samples/XR Interaction Toolkit/3.0.3/Starter Assets/DemoSceneAssets/Prefabs/Interactables/Interaction Affordance.prefab using Guid(eb9104ef66b7305468adb3697fdeed5e) Importer(2089858483,0ecaa5967403d082aa24f35e1b516d23) [PhysX] Initialized MultithreadedTaskDispatcher with 12 workers.
 -> (artifact id: '3ea62bbcb384278bef830266de3caebc') in 0.090857 seconds
Number of updated asset objects reloaded before import = 0
Number of asset objects unloaded after import = 10
========================================================================
Received Import Request.
  Time since last request: 0.000020 seconds.
  path: Assets/Samples/XR Interaction Toolkit/3.0.3/Starter Assets/DemoSceneAssets/Prefabs/UI/ModalSingleButton.prefab
  artifactKey: Guid(c24a7635b5761984d81cf6c4aac26e0d) Importer(2089858483,0ecaa5967403d082aa24f35e1b516d23)
Start importing Assets/Samples/XR Interaction Toolkit/3.0.3/Starter Assets/DemoSceneAssets/Prefabs/UI/ModalSingleButton.prefab using Guid(c24a7635b5761984d81cf6c4aac26e0d) Importer(2089858483,0ecaa5967403d082aa24f35e1b516d23) [PhysX] Initialized MultithreadedTaskDispatcher with 12 workers.
 -> (artifact id: '67c643461e297b7679083b0a4e306a19') in 0.062661 seconds
Number of updated asset objects reloaded before import = 0
Number of asset objects unloaded after import = 40
========================================================================
Received Import Request.
  Time since last request: 0.000019 seconds.
  path: Assets/Samples/XR Interaction Toolkit/3.0.3/Starter Assets/DemoSceneAssets/Prefabs/Interactables/Push Button.prefab
  artifactKey: Guid(76f3439a0ae796e4b81bee3f91f888ee) Importer(2089858483,0ecaa5967403d082aa24f35e1b516d23)
Start importing Assets/Samples/XR Interaction Toolkit/3.0.3/Starter Assets/DemoSceneAssets/Prefabs/Interactables/Push Button.prefab using Guid(76f3439a0ae796e4b81bee3f91f888ee) Importer(2089858483,0ecaa5967403d082aa24f35e1b516d23) [PhysX] Initialized MultithreadedTaskDispatcher with 12 workers.
 -> (artifact id: '578e5b6d4e2bc11be871e08e7a830381') in 0.073473 seconds
Number of updated asset objects reloaded before import = 0
Number of asset objects unloaded after import = 30
========================================================================
Received Import Request.
  Time since last request: 0.000022 seconds.
  path: Assets/Scenes/SampleScene/LightingData.asset
  artifactKey: Guid(babed66f44e8b5445b185fac4e02e130) Importer(2089858483,0ecaa5967403d082aa24f35e1b516d23)
Start importing Assets/Scenes/SampleScene/LightingData.asset using Guid(babed66f44e8b5445b185fac4e02e130) Importer(2089858483,0ecaa5967403d082aa24f35e1b516d23) [PhysX] Initialized MultithreadedTaskDispatcher with 12 workers.
 -> (artifact id: '2f0d1c2d8066e304ee7d10133b02f36a') in 0.022286 seconds
Number of updated asset objects reloaded before import = 0
Number of asset objects unloaded after import = 2
========================================================================
Received Import Request.
  Time since last request: 0.000027 seconds.
  path: Assets/VRTemplateAssets/Sprites/CoachingCards/Coaching Step 1.png
  artifactKey: Guid(aa1e07d3e3ba968489f3cba3bbe76b41) Importer(2089858483,0ecaa5967403d082aa24f35e1b516d23)
Start importing Assets/VRTemplateAssets/Sprites/CoachingCards/Coaching Step 1.png using Guid(aa1e07d3e3ba968489f3cba3bbe76b41) Importer(2089858483,0ecaa5967403d082aa24f35e1b516d23) [PhysX] Initialized MultithreadedTaskDispatcher with 12 workers.
 -> (artifact id: 'd653ea9abc17a92ddbf91464a6d3222e') in 0.073229 seconds
Number of updated asset objects reloaded before import = 0
Number of asset objects unloaded after import = 3
========================================================================
Received Import Request.
  Time since last request: 0.000021 seconds.
  path: Assets/VRTemplateAssets/Models/Controllers/UniversalController.fbx
  artifactKey: Guid(72af14b56f398804bbcbc04b48efce81) Importer(2089858483,0ecaa5967403d082aa24f35e1b516d23)
Start importing Assets/VRTemplateAssets/Models/Controllers/UniversalController.fbx using Guid(72af14b56f398804bbcbc04b48efce81) Importer(2089858483,0ecaa5967403d082aa24f35e1b516d23) [PhysX] Initialized MultithreadedTaskDispatcher with 12 workers.
 -> (artifact id: '3d8c4672ca2b379b83bdf5bd67bd508e') in 0.040864 seconds
Number of updated asset objects reloaded before import = 0
Number of asset objects unloaded after import = 51
========================================================================
Received Import Request.
  Time since last request: 0.000023 seconds.
  path: Assets/XR/Loaders/Open XR Loader.asset
  artifactKey: Guid(28fe04729daeb2345bebc951fad25769) Importer(2089858483,0ecaa5967403d082aa24f35e1b516d23)
Start importing Assets/XR/Loaders/Open XR Loader.asset using Guid(28fe04729daeb2345bebc951fad25769) Importer(2089858483,0ecaa5967403d082aa24f35e1b516d23) [PhysX] Initialized MultithreadedTaskDispatcher with 12 workers.
 -> (artifact id: 'cdd2c731c07c5eeb7d99fec092841d49') in 0.012320 seconds
Number of updated asset objects reloaded before import = 0
Number of asset objects unloaded after import = 1
========================================================================
Received Import Request.
  Time since last request: 0.000018 seconds.
  path: Assets/TextMesh Pro/Resources/Fonts & Materials/LiberationSans SDF.asset
  artifactKey: Guid(8f586378b4e144a9851e7b34d9b748ee) Importer(2089858483,0ecaa5967403d082aa24f35e1b516d23)
Start importing Assets/TextMesh Pro/Resources/Fonts & Materials/LiberationSans SDF.asset using Guid(8f586378b4e144a9851e7b34d9b748ee) Importer(2089858483,0ecaa5967403d082aa24f35e1b516d23) [PhysX] Initialized MultithreadedTaskDispatcher with 12 workers.
 -> (artifact id: 'b0a1a05a71f17224e522e332e0c6ed1a') in 0.067379 seconds
Number of updated asset objects reloaded before import = 0
Number of asset objects unloaded after import = 8
========================================================================
Received Import Request.
  Time since last request: 0.000023 seconds.
  path: Assets/Samples/XR Interaction Toolkit/3.0.3/Starter Assets/DemoSceneAssets/Sprites/Round Radius 4.png
  artifactKey: Guid(affa059594145a843b81788037b4ee21) Importer(2089858483,0ecaa5967403d082aa24f35e1b516d23)
Start importing Assets/Samples/XR Interaction Toolkit/3.0.3/Starter Assets/DemoSceneAssets/Sprites/Round Radius 4.png using Guid(affa059594145a843b81788037b4ee21) Importer(2089858483,0ecaa5967403d082aa24f35e1b516d23) [PhysX] Initialized MultithreadedTaskDispatcher with 12 workers.
 -> (artifact id: 'b606ffcda1cd9c80df3009ddfc192676') in 0.018579 seconds
Number of updated asset objects reloaded before import = 0
Number of asset objects unloaded after import = 3
========================================================================
Received Import Request.
  Time since last request: 0.000030 seconds.
  path: Assets/VRTemplateAssets/Materials/Primitive/fabric_Roughness.png
  artifactKey: Guid(319adc7d9f08d654a854fd141a197589) Importer(2089858483,0ecaa5967403d082aa24f35e1b516d23)
Start importing Assets/VRTemplateAssets/Materials/Primitive/fabric_Roughness.png using Guid(319adc7d9f08d654a854fd141a197589) Importer(2089858483,0ecaa5967403d082aa24f35e1b516d23) [PhysX] Initialized MultithreadedTaskDispatcher with 12 workers.
 -> (artifact id: 'b2113a3a88ed805a2c7e3d708d2c2081') in 0.026279 seconds
Number of updated asset objects reloaded before import = 0
Number of asset objects unloaded after import = 1
========================================================================
Received Import Request.
  Time since last request: 0.000016 seconds.
  path: Assets/Samples/XR Interaction Toolkit/3.0.3/Starter Assets/DemoSceneAssets/Prefabs/Interactables/Interactable Velocity Tapered Cylinder.prefab
  artifactKey: Guid(d5615d616019430d9c2e8727e71c97fb) Importer(2089858483,0ecaa5967403d082aa24f35e1b516d23)
Start importing Assets/Samples/XR Interaction Toolkit/3.0.3/Starter Assets/DemoSceneAssets/Prefabs/Interactables/Interactable Velocity Tapered Cylinder.prefab using Guid(d5615d616019430d9c2e8727e71c97fb) Importer(2089858483,0ecaa5967403d082aa24f35e1b516d23) [PhysX] Initialized MultithreadedTaskDispatcher with 12 workers.
 -> (artifact id: 'a0b03ee8021d56580bf748eb27cd52ff') in 0.041183 seconds
Number of updated asset objects reloaded before import = 0
Number of asset objects unloaded after import = 22
========================================================================
Received Import Request.
  Time since last request: 0.000018 seconds.
  path: Assets/Samples/XR Interaction Toolkit/3.0.3/Starter Assets/DemoSceneAssets/Prefabs/UI/TextButton.prefab
  artifactKey: Guid(e5db301629853dd4a99835fa70099d79) Importer(2089858483,0ecaa5967403d082aa24f35e1b516d23)
Start importing Assets/Samples/XR Interaction Toolkit/3.0.3/Starter Assets/DemoSceneAssets/Prefabs/UI/TextButton.prefab using Guid(e5db301629853dd4a99835fa70099d79) Importer(2089858483,0ecaa5967403d082aa24f35e1b516d23) [PhysX] Initialized MultithreadedTaskDispatcher with 12 workers.
 -> (artifact id: 'c5aa96943271c7d92f995e84f33ff05f') in 0.053204 seconds
Number of updated asset objects reloaded before import = 0
Number of asset objects unloaded after import = 24
========================================================================
Received Import Request.
  Time since last request: 0.000018 seconds.
  path: Assets/TextMesh Pro/Resources/Sprite Assets/EmojiOne.asset
  artifactKey: Guid(c41005c129ba4d66911b75229fd70b45) Importer(2089858483,0ecaa5967403d082aa24f35e1b516d23)
Start importing Assets/TextMesh Pro/Resources/Sprite Assets/EmojiOne.asset using Guid(c41005c129ba4d66911b75229fd70b45) Importer(2089858483,0ecaa5967403d082aa24f35e1b516d23) [PhysX] Initialized MultithreadedTaskDispatcher with 12 workers.
 -> (artifact id: '7ee28193b811767488bde61e99a593d8') in 0.021663 seconds
Number of updated asset objects reloaded before import = 0
Number of asset objects unloaded after import = 3
========================================================================
Received Import Request.
  Time since last request: 0.000023 seconds.
  path: Assets/Scenes/SampleScene.unity
  artifactKey: Guid(55daccc09a3b69647bbab145b54a3ab3) Importer(2089858483,0ecaa5967403d082aa24f35e1b516d23)
Start importing Assets/Scenes/SampleScene.unity using Guid(55daccc09a3b69647bbab145b54a3ab3) Importer(2089858483,0ecaa5967403d082aa24f35e1b516d23) [PhysX] Initialized MultithreadedTaskDispatcher with 12 workers.
 -> (artifact id: '4425c5ea2d5f1230308ab61631d27a43') in 0.011443 seconds
Number of updated asset objects reloaded before import = 0
Number of asset objects unloaded after import = 1
========================================================================
Received Import Request.
  Time since last request: 0.000027 seconds.
  path: Assets/Samples/XR Interaction Toolkit/3.0.3/Starter Assets/DemoSceneAssets/Prefabs/Teleportation Environment.prefab
  artifactKey: Guid(3e07eccb5e6f459d886de95044adb1d9) Importer(2089858483,0ecaa5967403d082aa24f35e1b516d23)
Start importing Assets/Samples/XR Interaction Toolkit/3.0.3/Starter Assets/DemoSceneAssets/Prefabs/Teleportation Environment.prefab using Guid(3e07eccb5e6f459d886de95044adb1d9) Importer(2089858483,0ecaa5967403d082aa24f35e1b516d23) [PhysX] Initialized MultithreadedTaskDispatcher with 12 workers.
 -> (artifact id: 'f3b22213180139c4eba1682c1a2020df') in 0.024505 seconds
Number of updated asset objects reloaded before import = 0
Number of asset objects unloaded after import = 103
========================================================================
Received Import Request.
  Time since last request: 0.000020 seconds.
  path: Assets/VRTemplateAssets/Materials/Environment/Wall Default.mat
  artifactKey: Guid(dcac969f335985b47a7dd104e05496d9) Importer(2089858483,0ecaa5967403d082aa24f35e1b516d23)
Start importing Assets/VRTemplateAssets/Materials/Environment/Wall Default.mat using Guid(dcac969f335985b47a7dd104e05496d9) Importer(2089858483,0ecaa5967403d082aa24f35e1b516d23) [PhysX] Initialized MultithreadedTaskDispatcher with 12 workers.
 -> (artifact id: '8d4681e3d9ddb712e404432c733d56fe') in 0.051026 seconds
Number of updated asset objects reloaded before import = 0
Number of asset objects unloaded after import = 5
========================================================================
Received Import Request.
  Time since last request: 0.000030 seconds.
  path: Assets/Samples/XR Interaction Toolkit/3.0.3/Starter Assets/Scripts/RotationAxisLockGrabTransformer.cs
  artifactKey: Guid(4dd2e41114c62b44fbd334ca5b314352) Importer(2089858483,0ecaa5967403d082aa24f35e1b516d23)
Start importing Assets/Samples/XR Interaction Toolkit/3.0.3/Starter Assets/Scripts/RotationAxisLockGrabTransformer.cs using Guid(4dd2e41114c62b44fbd334ca5b314352) Importer(2089858483,0ecaa5967403d082aa24f35e1b516d23) [PhysX] Initialized MultithreadedTaskDispatcher with 12 workers.
 -> (artifact id: '4fe12807577566db671827d8eed13cf3') in 0.019738 seconds
Number of updated asset objects reloaded before import = 0
Number of asset objects unloaded after import = 1
========================================================================
Received Import Request.
  Time since last request: 0.000023 seconds.
  path: Assets/VRTemplateAssets/Materials/Environment/Concrete.mat
  artifactKey: Guid(00dc025bc6aa88645ad0114c7607fb6f) Importer(2089858483,0ecaa5967403d082aa24f35e1b516d23)
Start importing Assets/VRTemplateAssets/Materials/Environment/Concrete.mat using Guid(00dc025bc6aa88645ad0114c7607fb6f) Importer(2089858483,0ecaa5967403d082aa24f35e1b516d23) [PhysX] Initialized MultithreadedTaskDispatcher with 12 workers.
 -> (artifact id: 'a034b1df020ba45b3813f8c7393b1670') in 0.072132 seconds
Number of updated asset objects reloaded before import = 0
Number of asset objects unloaded after import = 3
========================================================================
Received Import Request.
  Time since last request: 0.000037 seconds.
  path: Assets/VRTemplateAssets/Materials/Environment/Chrome.mat
  artifactKey: Guid(5d46bb438eef41d449bb7588f4a77e06) Importer(2089858483,0ecaa5967403d082aa24f35e1b516d23)
Start importing Assets/VRTemplateAssets/Materials/Environment/Chrome.mat using Guid(5d46bb438eef41d449bb7588f4a77e06) Importer(2089858483,0ecaa5967403d082aa24f35e1b516d23) [PhysX] Initialized MultithreadedTaskDispatcher with 12 workers.
 -> (artifact id: '5d32173b98f4601a60b70e946af5400c') in 0.044654 seconds
Number of updated asset objects reloaded before import = 0
Number of asset objects unloaded after import = 2
========================================================================
Received Import Request.
  Time since last request: 0.000027 seconds.
  path: Assets/VRTemplateAssets/Materials/Pointer/Pointer Outline.mat
  artifactKey: Guid(94eebd9d324eddd49be6e843f56d7ec0) Importer(2089858483,0ecaa5967403d082aa24f35e1b516d23)
Start importing Assets/VRTemplateAssets/Materials/Pointer/Pointer Outline.mat using Guid(94eebd9d324eddd49be6e843f56d7ec0) Importer(2089858483,0ecaa5967403d082aa24f35e1b516d23) [PhysX] Initialized MultithreadedTaskDispatcher with 12 workers.
 -> (artifact id: '33606f92db13436af985f8fc3109e059') in 0.075702 seconds
Number of updated asset objects reloaded before import = 0
Number of asset objects unloaded after import = 1
========================================================================
Received Import Request.
  Time since last request: 0.004194 seconds.
  path: Assets/VRTemplateAssets/Materials/UI/Torus Cursor.mat
  artifactKey: Guid(cb6affeddcd07b442acd0eed62f9bdbe) Importer(2089858483,0ecaa5967403d082aa24f35e1b516d23)
Start importing Assets/VRTemplateAssets/Materials/UI/Torus Cursor.mat using Guid(cb6affeddcd07b442acd0eed62f9bdbe) Importer(2089858483,0ecaa5967403d082aa24f35e1b516d23) [PhysX] Initialized MultithreadedTaskDispatcher with 12 workers.
 -> (artifact id: '3c632232891de5da6b12fb9baf5d5abf') in 0.033533 seconds
Number of updated asset objects reloaded before import = 0
Number of asset objects unloaded after import = 2
========================================================================
Received Import Request.
  Time since last request: 0.000024 seconds.
  path: Assets/VRTemplateAssets/Models/Primitives/Torus.fbx
  artifactKey: Guid(9a13b94cace2a4d78ac94a0ed0a88843) Importer(2089858483,0ecaa5967403d082aa24f35e1b516d23)
Start importing Assets/VRTemplateAssets/Models/Primitives/Torus.fbx using Guid(9a13b94cace2a4d78ac94a0ed0a88843) Importer(2089858483,0ecaa5967403d082aa24f35e1b516d23) [PhysX] Initialized MultithreadedTaskDispatcher with 12 workers.
 -> (artifact id: '65ac1d708cac9c98349db0683efd540f') in 0.064082 seconds
Number of updated asset objects reloaded before import = 0
Number of asset objects unloaded after import = 8
========================================================================
Received Import Request.
  Time since last request: 0.000036 seconds.
  path: Assets/Samples/XR Interaction Toolkit/3.0.3/Starter Assets/Prefabs/Affordances/Highlight Interaction Affordance.prefab
  artifactKey: Guid(6b12f432fa58c224baf0d659706362be) Importer(2089858483,0ecaa5967403d082aa24f35e1b516d23)
Start importing Assets/Samples/XR Interaction Toolkit/3.0.3/Starter Assets/Prefabs/Affordances/Highlight Interaction Affordance.prefab using Guid(6b12f432fa58c224baf0d659706362be) Importer(2089858483,0ecaa5967403d082aa24f35e1b516d23) [PhysX] Initialized MultithreadedTaskDispatcher with 12 workers.
 -> (artifact id: '3d1368abbe204515cdbfdbe178219975') in 0.042934 seconds
Number of updated asset objects reloaded before import = 0
Number of asset objects unloaded after import = 12
========================================================================
Received Import Request.
  Time since last request: 0.000032 seconds.
  path: Assets/VRTemplateAssets/Models/Primitives/Cylinder.fbx
  artifactKey: Guid(bf65382e5e6d14e7f8140e4204ce07e2) Importer(2089858483,0ecaa5967403d082aa24f35e1b516d23)
Start importing Assets/VRTemplateAssets/Models/Primitives/Cylinder.fbx using Guid(bf65382e5e6d14e7f8140e4204ce07e2) Importer(2089858483,0ecaa5967403d082aa24f35e1b516d23) [PhysX] Initialized MultithreadedTaskDispatcher with 12 workers.
 -> (artifact id: '4d471c7e0d2853c7cefe3a686af0fe54') in 0.039838 seconds
Number of updated asset objects reloaded before import = 0
Number of asset objects unloaded after import = 8
========================================================================
Received Import Request.
  Time since last request: 0.000021 seconds.
  path: Assets/Samples/XR Interaction Toolkit/3.0.3/Starter Assets/DemoSceneAssets/Materials/Concrete Dark Blue.mat
  artifactKey: Guid(bbb56ac3cf3c61a46ab3887c0fdbda8f) Importer(2089858483,0ecaa5967403d082aa24f35e1b516d23)
Start importing Assets/Samples/XR Interaction Toolkit/3.0.3/Starter Assets/DemoSceneAssets/Materials/Concrete Dark Blue.mat using Guid(bbb56ac3cf3c61a46ab3887c0fdbda8f) Importer(2089858483,0ecaa5967403d082aa24f35e1b516d23) [PhysX] Initialized MultithreadedTaskDispatcher with 12 workers.
 -> (artifact id: 'a5749fbc5ad1cb5a40144400f3c925fd') in 0.028673 seconds
Number of updated asset objects reloaded before import = 0
Number of asset objects unloaded after import = 3
========================================================================
Received Import Request.
  Time since last request: 0.000033 seconds.
  path: Assets/Samples/XR Interaction Toolkit/3.0.3/Starter Assets/DemoSceneAssets/Prefabs/Climb/Multi-Anchor Teleport Reticle.prefab
  artifactKey: Guid(6eb816e9b7ce30f4cadff3d4ad7ad10c) Importer(2089858483,0ecaa5967403d082aa24f35e1b516d23)
Start importing Assets/Samples/XR Interaction Toolkit/3.0.3/Starter Assets/DemoSceneAssets/Prefabs/Climb/Multi-Anchor Teleport Reticle.prefab using Guid(6eb816e9b7ce30f4cadff3d4ad7ad10c) Importer(2089858483,0ecaa5967403d082aa24f35e1b516d23) [PhysX] Initialized MultithreadedTaskDispatcher with 12 workers.
 -> (artifact id: '770d77850cfc5b04bef47802c4821bd1') in 0.025845 seconds
Number of updated asset objects reloaded before import = 0
Number of asset objects unloaded after import = 40
========================================================================
Received Import Request.
  Time since last request: 0.000019 seconds.
  path: Assets/VRTemplateAssets/Prefabs/Interactables/Cube Interactable.prefab
  artifactKey: Guid(72138a47ec7b8714c91aa39dcdf3b714) Importer(2089858483,0ecaa5967403d082aa24f35e1b516d23)
Start importing Assets/VRTemplateAssets/Prefabs/Interactables/Cube Interactable.prefab using Guid(72138a47ec7b8714c91aa39dcdf3b714) Importer(2089858483,0ecaa5967403d082aa24f35e1b516d23) [PhysX] Initialized MultithreadedTaskDispatcher with 12 workers.
 -> (artifact id: 'b8dc4b93e4f84cd8c0b7ac80ed9f98ec') in 0.062109 seconds
Number of updated asset objects reloaded before import = 0
Number of asset objects unloaded after import = 26
========================================================================
Received Import Request.
  Time since last request: 0.000027 seconds.
  path: Assets/VRTemplateAssets/Sprites/CoachingCards/Coaching Step 3.png
  artifactKey: Guid(a89d91b09ecb0164ab9d892915bfa299) Importer(2089858483,0ecaa5967403d082aa24f35e1b516d23)
Start importing Assets/VRTemplateAssets/Sprites/CoachingCards/Coaching Step 3.png using Guid(a89d91b09ecb0164ab9d892915bfa299) Importer(2089858483,0ecaa5967403d082aa24f35e1b516d23) [PhysX] Initialized MultithreadedTaskDispatcher with 12 workers.
 -> (artifact id: 'c51e0915b07fe772629747c64e3144a0') in 0.028685 seconds
Number of updated asset objects reloaded before import = 0
Number of asset objects unloaded after import = 3
========================================================================
Received Import Request.
  Time since last request: 0.000021 seconds.
  path: Assets/VRTemplateAssets/Prefabs/UI/Dropdown.prefab
  artifactKey: Guid(3405290cc9a00c34bbd425b05c494f62) Importer(2089858483,0ecaa5967403d082aa24f35e1b516d23)
Start importing Assets/VRTemplateAssets/Prefabs/UI/Dropdown.prefab using Guid(3405290cc9a00c34bbd425b05c494f62) Importer(2089858483,0ecaa5967403d082aa24f35e1b516d23) [PhysX] Initialized MultithreadedTaskDispatcher with 12 workers.
 -> (artifact id: '8046d0fd8142a48d6d2f4ee586444743') in 0.094393 seconds
Number of updated asset objects reloaded before import = 0
Number of asset objects unloaded after import = 71
========================================================================
Received Import Request.
  Time since last request: 0.000018 seconds.
  path: Assets/Samples/XR Interaction Toolkit/3.0.3/Starter Assets/DemoSceneAssets/Sprites/Asset.png
  artifactKey: Guid(17d565bb4a7744b41b7e4dc7e3a09e35) Importer(2089858483,0ecaa5967403d082aa24f35e1b516d23)
Start importing Assets/Samples/XR Interaction Toolkit/3.0.3/Starter Assets/DemoSceneAssets/Sprites/Asset.png using Guid(17d565bb4a7744b41b7e4dc7e3a09e35) Importer(2089858483,0ecaa5967403d082aa24f35e1b516d23) [PhysX] Initialized MultithreadedTaskDispatcher with 12 workers.
 -> (artifact id: 'd2404da980ad908349e0a66252cda5b2') in 0.028963 seconds
Number of updated asset objects reloaded before import = 0
Number of asset objects unloaded after import = 3
========================================================================
Received Import Request.
  Time since last request: 0.000025 seconds.
  path: Assets/Samples/XR Interaction Toolkit/3.0.3/Starter Assets/Textures/DefaultMaterial_AO.png
  artifactKey: Guid(85e675893a909864d9c237e20202651b) Importer(2089858483,0ecaa5967403d082aa24f35e1b516d23)
Start importing Assets/Samples/XR Interaction Toolkit/3.0.3/Starter Assets/Textures/DefaultMaterial_AO.png using Guid(85e675893a909864d9c237e20202651b) Importer(2089858483,0ecaa5967403d082aa24f35e1b516d23) [PhysX] Initialized MultithreadedTaskDispatcher with 12 workers.
 -> (artifact id: 'd9ca8cba09c82b77535ea8784996a5c4') in 0.073463 seconds
Number of updated asset objects reloaded before import = 0
Number of asset objects unloaded after import = 1
========================================================================
Received Prepare
Caller must complete domain reload
Begin MonoManager ReloadAssembly
- Loaded All Assemblies, in  0.769 seconds
Native extension for WindowsStandalone target not found
Native extension for Android target not found
Native extension for WebGL target not found
[Package Manager] Server::EnsureServerProcessIsRunning -- launch failed, reason: Unity was launched with the -noUpm command-line argument
[Package Manager] UpmClient::Send -- Unable to send message (not connected to UPM process).
[Package Manager] Cannot connect to Unity Package Manager local server
System.NullReferenceException: Object reference not set to an instance of an object
  at UnityEngine.XR.Interaction.Toolkit.Samples.StarterAssets.RenderPipelineValidation..cctor () [0x0000d] in E:\GITHUB\ProgettiUnity\Labyrinth\VR\Assets\Samples\XR Interaction Toolkit\3.0.3\Starter Assets\Scripts\MaterialPipelineHandler.cs:16 
UnityEngine.StackTraceUtility:ExtractStackTrace ()
UnityEngine.DebugLogHandler:LogFormat (UnityEngine.LogType,UnityEngine.Object,string,object[])
UnityEngine.Logger:Log (UnityEngine.LogType,object)
UnityEngine.Debug:LogError (object)
UnityEditor.EditorAssemblies:ProcessInitializeOnLoadAttributes (System.Type[])

System.Reflection.TargetInvocationException: Exception has been thrown by the target of an invocation. ---> System.NullReferenceException: Object reference not set to an instance of an object
  at Unity.XR.Oculus.OculusLoader.AssetPathToAbsolutePath (System.String assetPath) [0x0003d] in .\Library\PackageCache\com.unity.xr.oculus@4.2.0\Runtime\OculusLoader.cs:298 
  at Unity.XR.Oculus.OculusLoader.EditorLoadOVRPlugin () [0x0008c] in .\Library\PackageCache\com.unity.xr.oculus@4.2.0\Runtime\OculusLoader.cs:283 
  at (wrapper managed-to-native) System.Reflection.RuntimeMethodInfo.InternalInvoke(System.Reflection.RuntimeMethodInfo,object,object[],System.Exception&)
  at System.Reflection.RuntimeMethodInfo.Invoke (System.Object obj, System.Reflection.BindingFlags invokeAttr, System.Reflection.Binder binder, System.Object[] parameters, System.Globalization.CultureInfo culture) [0x0006a] in <8ce0bd04a7a04b4b9395538239d3fdd8>:0 
   --- End of inner exception stack trace ---
  at System.Reflection.RuntimeMethodInfo.Invoke (System.Object obj, System.Reflection.BindingFlags invokeAttr, System.Reflection.Binder binder, System.Object[] parameters, System.Globalization.CultureInfo culture) [0x00083] in <8ce0bd04a7a04b4b9395538239d3fdd8>:0 
  at System.Reflection.MethodBase.Invoke (System.Object obj, System.Object[] parameters) [0x00000] in <8ce0bd04a7a04b4b9395538239d3fdd8>:0 
  at UnityEditor.EditorAssemblies.ProcessInitializeOnLoadMethodAttributes () [0x000a5] in <e0a2c8363ef54a6393fed120beebdb7a>:0 
UnityEngine.StackTraceUtility:ExtractStackTrace ()
UnityEngine.DebugLogHandler:LogFormat (UnityEngine.LogType,UnityEngine.Object,string,object[])
UnityEngine.Logger:Log (UnityEngine.LogType,object)
UnityEngine.Debug:LogError (object)
UnityEditor.EditorAssemblies:ProcessInitializeOnLoadMethodAttributes ()

Mono: successfully reloaded assembly
[Package Manager] Server::EnsureServerProcessIsRunning -- launch failed, reason: Unity was launched with the -noUpm command-line argument
[Package Manager] UpmClient::Send -- Unable to send message (not connected to UPM process).
[Package Manager] Cannot connect to Unity Package Manager local server
- Finished resetting the current domain, in  1.749 seconds
Domain Reload Profiling: 2512ms
	BeginReloadAssembly (229ms)
		ExecutionOrderSort (0ms)
		DisableScriptedObjects (4ms)
		BackupInstance (0ms)
		ReleaseScriptingObjects (0ms)
		CreateAndSetChildDomain (80ms)
	RebuildCommonClasses (44ms)
	RebuildNativeTypeToScriptingClass (15ms)
	initialDomainReloadingComplete (37ms)
	LoadAllAssembliesAndSetupDomain (438ms)
		LoadAssemblies (444ms)
		RebuildTransferFunctionScriptingTraits (0ms)
		AnalyzeDomain (99ms)
			TypeCache.Refresh (40ms)
				TypeCache.ScanAssembly (23ms)
			ScanForSourceGeneratedMonoScriptInfo (40ms)
			ResolveRequiredComponents (17ms)
	FinalizeReload (1749ms)
		ReleaseScriptCaches (0ms)
		RebuildScriptCaches (0ms)
		SetupLoadedEditorAssemblies (789ms)
			LogAssemblyErrors (0ms)
			InitializePlatformSupportModulesInManaged (27ms)
			SetLoadedEditorAssemblies (4ms)
			RefreshPlugins (0ms)
			BeforeProcessingInitializeOnLoad (102ms)
			ProcessInitializeOnLoadAttributes (522ms)
			ProcessInitializeOnLoadMethodAttributes (124ms)
			AfterProcessingInitializeOnLoad (10ms)
			EditorAssembliesLoaded (0ms)
		ExecutionOrderSort2 (0ms)
		AwakeInstancesAfterBackupRestoration (13ms)
Shader 'Simulation/Standard Lit': fallback shader 'Simulation/Legacy/Standard' not found
Shader 'Simulation/Standard Lit': fallback shader 'Simulation/Legacy/Standard' not found
Shader 'Hidden/Simulation/Synthetic Lit': fallback shader 'Hidden/Simulation/Legacy/Synthetic' not found
Shader 'Hidden/Simulation/Synthetic Lit': fallback shader 'Hidden/Simulation/Legacy/Synthetic' not found
Shader 'Simulation/Room X-Ray': fallback shader 'Simulation/Legacy/Room X-Ray' not found
Shader 'Simulation/Room X-Ray': fallback shader 'Simulation/Legacy/Room X-Ray' not found
Shader 'Simulation/URP/Lit': fallback shader 'Simulation/Legacy/Standard' not found
Shader 'Simulation/URP/Lit': fallback shader 'Simulation/Legacy/Standard' not found
Refreshing native plugins compatible for Editor in 17.05 ms, found 13 plugins.
Preloading 1 native plugins for Editor in 0.05 ms.
Unloading 6929 Unused Serialized files (Serialized files now loaded: 0)
Unloading 111 unused Assets / (3.1 MB). Loaded Objects now: 7514.
Memory consumption went from 250.7 MB to 247.5 MB.
Total: 6.089900 ms (FindLiveObjects: 0.561300 ms CreateObjectMapping: 0.259100 ms MarkObjects: 3.720600 ms  DeleteObjects: 1.548100 ms)

Prepare: number of updated asset objects reloaded= 0
AssetImportParameters requested are different than current active one (requested -> active):
  custom:scripting/monoscript/fileName/ARGestureInteractor.deprecated.cs: 4fe49ad6bee732a45b9db9c12c414e12 -> b2c51c8fe20c50464370397079fc90f0
  custom:scripting/monoscript/fileName/XRTextureDescriptor.cs: f18a04143a2737ff9511cf1d2fd76919 -> 
  custom:scripting/monoscript/fileName/HumanSegmentationStencilMode.cs: 1c8a8a9ac9313e7c383a157ac3ec7d2e -> 
  custom:scripting/monoscript/fileName/GestureRecognizer.deprecated.cs: 90647cc400823b41df847a6cbfc29026 -> 
  custom:scripting/monoscript/fileName/ARMeshesChangedEventArgs.cs: 3ebd3df8b5f53d98b895a1b3f7edd8b8 -> 
  custom:scripting/monoscript/fileName/SimulationPointCloudSubsystem.cs: 9a08c842d2fc5f7801b4513db59a80b7 -> 
  custom:scripting/monoscript/fileName/Cli.cs: f278fa05dc0a28f05b8e56cf7a587c31 -> d287e08b50f2cb135aa4d7f8e01b7ef9
  custom:scripting/monoscript/fileName/XRSessionSubsystemDescriptor.cs: 64d5d1b7f3c53187fd79be1ff9568619 -> 
  custom:scripting/monoscript/fileName/ARSceneValidator.cs: 3263c615fa43dc39430e4d427def5b62 -> 
  custom:scripting/precompiled-assembly-types:Unity.XR.ARSubsystems: 8f19df45332a30b657b9a660989727ef -> 
  custom:scripting/monoscript/fileName/ARAnalyticsEvent.cs: 90647cc400823b41df847a6cbfc29026 -> 
  custom:scripting/monoscript/fileName/ARPlaneMeshGenerators.cs: 027d8f0a576dfae34c9d8f1e0e18f101 -> 
  custom:container-demuxer-ogg: 62fdf1f143b41e24485cea50d1cbac27 -> 
  custom:scripting/monoscript/fileName/ARTrackableManager.cs: 90647cc400823b41df847a6cbfc29026 -> 
  custom:scripting/monoscript/fileName/XRCameraParams.cs: 81c188019f11a35d11f1a5fcb4721a41 -> 
  custom:scripting/monoscript/fileName/ARCoreAnchorSubsystem.cs: 8fd89380878aa630c35614c13d4b70e4 -> 
  custom:scripting/monoscript/fileName/ARTrackedObject.cs: d9cb557a4402187a1d1b4d4b5cdaa2ba -> 
  custom:scripting/monoscript/fileName/HumanBodiesChangedEventUnit.cs: 497d76a38e81f83a64e1e0e31c614e55 -> 
  custom:scripting/monoscript/fileName/TrackedImageDiscoveryStrategy.cs: 0e74e3668c695fb34c6d8a3d340872cc -> 
  custom:scripting/monoscript/fileName/XRRaycastSubsystemDescriptor.cs: 86f1fe88d8e1a41a19ba55c872bdcd4c -> 
  custom:scripting/monoscript/fileName/ARAnalyticsConstants.cs: a7a3a88cbedc1b6aef7b147a87b7bdd0 -> 
  custom:scripting/monoscript/fileName/ARPlaneManager.cs: 7fe2439e94eb408eb1b117ac13af2046 -> 
  custom:scripting/monoscript/fileName/XRHumanBodySubsystemDescriptor.cs: 9da380d1b56ba23ec07f1005b1d4fc16 -> 
  custom:scripting/monoscript/fileName/IARInteractor.cs: 845ca65e372af4298092e3255273e9ac -> 
  custom:scripting/monoscript/fileName/ARSceneAnalysis.cs: 5e73409db216d9df7d0dbe846594feaf -> 
  custom:scripting/monoscript/fileName/ImageConversionJobs.cs: 5daa4e6aadb43a7b9057d64b0ba5d568 -> 
  custom:scripting/monoscript/fileName/PoseExtensions.cs: 614f53f3378d527956cbb02e9ef4d0c6 -> 04e2b738e62ba02835186f5368bff217
  custom:scripting/monoscript/fileName/SimulationSceneManager.cs: 608910333ffcb114d1181b6665ef7f62 -> 
  custom:scripting/monoscript/fileName/XRParticipantSubsystem.cs: 7236b4705041579fc67600357593cc52 -> 
  custom:scripting/monoscript/fileName/AREnvironmentProbe.cs: 62e64b1314fc7874015cbcc87b27ceeb -> 
  custom:scripting/monoscript/fileName/XREnvironmentViewCamera.cs: db491f1ba95b53dc8eb134ad86f12826 -> 
  custom:scripting/monoscript/fileName/ConversionParams.cs: b1685f512b8b1f0d529bde81e584f665 -> 
  custom:scripting/monoscript/fileName/ARCameraFrameEventArgs.cs: ff3b2fc17c4c7aa656a76a68f346a5de -> 
  custom:scripting/monoscript/fileName/XRParticipant.cs: f9d8ea8dfa605d14c14afa295aefd46a -> 
  custom:scripting/monoscript/fileName/XRPointCloudData.cs: 9846b62b24bdfe26b4a5fb2a8a59f488 -> 
  custom:scripting/monoscript/fileName/EnvironmentChangeHook.cs: cdc6a9b21fd2806a7eda7e1173f0f92d -> 
  custom:scripting/monoscript/fileName/HashCodeUtil.cs: 3ac2012e517078f051611cc23e19a706 -> c0b300e342f12c77737b8543de36271c
  custom:framework-win-MediaFoundation: 216162199b28c13a410421893ffa2e32 -> 
  custom:scripting/monoscript/fileName/ArSession.cs: dc9c4d04514fe088f4acb3a600cfa61f -> 
  custom:scripting/monoscript/fileName/XRFaceSubsystem.cs: 82dc23de39a8b3830703c745ca5b799a -> 
  custom:scripting/monoscript/fileName/ARTrackedObjectManager.cs: 4614d5e5db2b7fd8490b513e48540b37 -> 
  custom:scripting/monoscript/fileName/SimulationImageTrackingSubsystem.cs: a05c3c902f2bad7fcdf3c895dbb2e3c9 -> 
  custom:scripting/monoscript/fileName/TrackedImageDiscoveryParamsPropertyDrawer.cs: 48ba425bad2e784b374a6d77f3315844 -> 
  custom:scripting/monoscript/fileName/SimulationSubsystemAnalytics.cs: 35e0c14360eeae853568c42566e1aef7 -> 
  custom:scripting/monoscript/fileName/ManagedReferenceImage.cs: 3f74dd150e48d66b5dd8288f3c3e1c34 -> 
  custom:scripting/monoscript/fileName/ARCoreImageTrackingSubsystem.cs: 39d814b8b12f50336c43db8ce6f8ee94 -> 
  custom:scripting/monoscript/fileName/PlaneFindingParamsPropertyDrawer.cs: 7a09cc05451660b85a1d64fceda017e7 -> 
  custom:scripting/monoscript/fileName/SimulatedTrackedImage.cs: 97c712c7d6ae6a202cb96d93be573b2d -> 
  custom:scripting/monoscript/fileName/ARSessionStateChangedEventArgs.cs: d5807315301cf3999b49f55b78e8891e -> 
  custom:scripting/monoscript/fileName/XRSimulationSettings.cs: 89f3ca7d9f933ce63503fbc2e15a1c44 -> 
  custom:scripting/monoscript/fileName/XREnvironmentToolbarOverlay.cs: faf0aefbabba71d47c9dc2f0a691ad22 -> 
  custom:scripting/monoscript/fileName/ARPointCloudMeshVisualizer.cs: 676f8ec3c7cfc9f218f2c418d7f8afa1 -> 
  custom:scripting/monoscript/fileName/TrackableChanges.cs: 90647cc400823b41df847a6cbfc29026 -> 
  custom:scripting/monoscript/fileName/AREnvironmentProbeManagerListener.cs: 22a62d3378f0b10e5c41ef4c2ae66be0 -> 
  custom:scripting/monoscript/fileName/MutableRuntimeReferenceImageLibrary.cs: e40c29360e1054f724901cfc5b0182f4 -> 
  custom:scripting/monoscript/fileName/ArCameraConfigFilter.cs: b80d5ef788f451fa06963271e9d59efb -> 
  custom:scripting/monoscript/fileName/NativeView.cs: 4afb79670cf27530a179f070ba3fe9aa -> 
  custom:scripting/monoscript/fileName/ARSession.cs: 066385ea7c2a2c433441578beeece62b -> 
  custom:scripting/monoscript/fileName/EnvironmentDepthMode.cs: 5d22a30fa449bc7abf6e828d0dc2cbc5 -> 
  custom:scripting/monoscript/fileName/SimulatedMeshClassification.cs: baff69c11d59574c186d707ddee640a4 -> 
  custom:scripting/monoscript/fileName/SimulationAnchorSubsystem.cs: 65f4f3928aaef20a2e5a6cd3f4117d55 -> 
  custom:scripting/monoscript/fileName/ARLightEstimationData.cs: eec35268a8e6b29dd949c108c1ce1be0 -> 
  custom:scripting/monoscript/fileName/XRPlaneSubsystemDescriptor.cs: 6d369c6a5360033667ba36954e4ad9ae -> 
  custom:scripting/monoscript/fileName/SerializableDictionary.cs: c3ffd9f04730b0453c42b2f446427770 -> 7d654a2b5b3a10da3e7d8472196e96d1
  custom:scripting/monoscript/fileName/GetTrackedImagesUnit.cs: ca00d980382236a1c49396150fb846fd -> 
  custom:scripting/monoscript/fileName/Plane.cs: 0cc01f9aed13d0d55e699d5e703758d6 -> 69547098044c0683a5ff9d9b8674a0ba
  custom:scripting/monoscript/fileName/BuildHook.cs: dc6b03344f2ff5bfd6c0d133918bd427 -> 
  custom:scripting/monoscript/fileName/ARCoreBuildProcessor.cs: d9eab941277ca6504aeebd69836dd8b0 -> 
  custom:scripting/monoscript/fileName/LayerPlaneData.cs: 3b34ba30bbbcdc5e2bd1374915262551 -> 
  custom:scripting/monoscript/fileName/SimulationCameraTextureReadbackPass.cs: 7f8667cd3e762fea0eb6e939c896fd41 -> 
  custom:scripting/monoscript/fileName/ARCoreBeforeGetCameraConfigurationEventArgs.cs: 8e2a6fe308d51ad1f6b16c500dc5dfb3 -> 
  custom:scripting/monoscript/fileName/XRPointCloudSubsystem.cs: ba57c6d6b9622a57ff0a583a5e62107c -> 
  custom:scripting/monoscript/fileName/XRCpuImage.cs: b1685f512b8b1f0d529bde81e584f665 -> 
  custom:scripting/monoscript/fileName/ARCorePlaneSubsystem.cs: d2278eda10dae0fc36c44eee439649a4 -> 
  custom:scripting/monoscript/fileName/ARCoreSettingsProvider.cs: 79c816e2cf7b68babc51565d8a334acf -> 
  custom:scripting/monoscript/fileName/SimulationSettingsBuildProcessor.cs: eaf6a3b07a7f39c91d67118bba05fb63 -> 
  custom:scripting/monoscript/fileName/XRHumanBodyPose2DJoint.cs: 5df6623ce65124b6f97e3415d1e948f5 -> 
  custom:scripting/monoscript/fileName/ARRaycast.cs: d45a1e226bba459a296e65db48f2ba26 -> 
  custom:scripting/monoscript/fileName/XRPointCloudSubsystemDescriptor.cs: 53013091235b3c389e0b9c28c710d863 -> 
  custom:scripting/monoscript/fileName/GetAnchorsUnitDescriptor.cs: 001c40cdb8cb0a2543bfcb027390f9ae -> 
  custom:scripting/monoscript/fileName/ARInputManager.cs: 7c167298b0f4b26996935925a6c68943 -> 
  custom:scripting/monoscript/fileName/ArCameraConfig.cs: 4a875ddea718888a33e0d31342770b8d -> 
  custom:scripting/monoscript/fileName/Feature.cs: f0de26a98608a1261eb44482290b7ce2 -> 
  custom:scripting/monoscript/fileName/ARPlaneBoundaryChangedEventArgs.cs: 990a44dcfa59c17f168c34ee328a4a0f -> 
  custom:scripting/monoscript/fileName/GetAnchorsUnit.cs: e2bea922fb82b6e6f24e9b349ef6b7db -> 
  custom:scripting/monoscript/fileName/ARTrackedImageManager.cs: db7920a7a6bf54e5575251cf39f2eb12 -> 
  custom:scripting/monoscript/fileName/PlaneVoxelGrid.cs: d8126fac8fe8ca402dcda945d4eb9929 -> 
  custom:scripting/monoscript/fileName/CameraFPSModeHandler.cs: a4eacc0cbe55fd4a0fdf4ab95f2adf64 -> 
  custom:scripting/monoscript/fileName/ISimulationSessionResetHandler.cs: a0a1af2eec61de2104d6f1482fae6eb7 -> 
  custom:scripting/monoscript/fileName/ARCoreLoaderConstants.cs: 1ca2b374b9eebdabc880c6eec02abfbe -> 
  custom:scripting/monoscript/fileName/SimulationRaycastSubsystem.cs: d783be9bb0a793f8259281df46c67b74 -> 
  custom:scripting/monoscript/fileName/GetTrackablesUnitDescriptor.cs: 90647cc400823b41df847a6cbfc29026 -> 
  custom:scripting/monoscript/fileName/SimulationEnvironmentProbeDiscoverer.cs: 67c4355a7161830d11a901cca43edcf6 -> 
  custom:scripting/monoscript/fileName/ARPointCloudParticleVisualizer.cs: 0824b74f267c7aab83bab381f63e9144 -> 
  custom:scripting/monoscript/fileName/DragGesture.cs: 9ee422a60d2a85accaee4f5aab4b91aa -> 
  custom:scripting/monoscript/fileName/DebugSlider.cs: debdbbb62eea499f90508fe0da990aab -> 
  custom:scripting/monoscript/fileName/TouchscreenGestureInputControllerState.cs: 67e060f4074dcae82e96b0b68594e7c3 -> 
  custom:scripting/monoscript/fileName/XRSessionSubsystem.cs: 6cd554ebac214f08d6efedce5d4c66e4 -> 
  custom:scripting/monoscript/fileName/XRReferenceImageLibraryExtensions.cs: c77dcfd796f513ff3b704e2f66ba68e6 -> 
  custom:scripting/monoscript/fileName/PointCloudRaycaster.cs: c00055be304e8f4d2f825bde66a708d7 -> 
  custom:scripting/monoscript/fileName/ARTextureInfo.cs: 68ff4ab2b8bbbea47156b3756f3353aa -> 
  custom:scripting/monoscript/fileName/PlanesChangedEventUnitDescriptor.cs: 51fa8fb46152b8aecd819f1ec9ea67e2 -> 
  custom:scripting/monoscript/fileName/MutableRuntimeReferenceImageLibraryExtensions.cs: e75ae5ec6d2e5371216d1f73953792e9 -> 
  custom:scripting/monoscript/fileName/ArPrestoApi.cs: 102320236e333507f3c23510cf5fedf0 -> 
  custom:container-muxer-webm: aa71ff27fc2769a1b78a27578f13a17b -> 
  custom:scripting/precompiled-assembly-types:Unity.XR.ARFoundation.InternalUtils: cb3773161202a0d7dedbf691eefab3f3 -> 
  custom:scripting/monoscript/fileName/ARBackgroundRendererFeature.cs: 0df61a00b47638eb305baceef41aa485 -> 
  custom:video-decoder-webm-vp8: 9c59270c3fd7afecdb556c50c9e8de78 -> 
  custom:scripting/monoscript/fileName/NativeObject.cs: 1c83a6ff9bdb6f537b0ca273504b9cb1 -> 
  custom:scripting/monoscript/fileName/ARFaceManager.cs: 59c7f357f7d7aee545637ae657771228 -> 
  custom:scripting/monoscript/fileName/TapGesture.cs: 76dc86693f7761930eac87c4b745d917 -> 
  custom:scripting/monoscript/fileName/SimulationMesh.cs: 349fc85964073e7c08688619bf40ba9d -> 
  custom:scripting/monoscript/fileName/ARPointCloud.cs: 3a30bd19cd8da38a0c24bc814d03907d -> 
  custom:scripting/monoscript/fileName/XRFaceMesh.cs: 6ba33157396dd845406ce61fb9eaab9c -> 
  custom:scripting/monoscript/fileName/HelpUrls.cs: d1a573c775fb94098a2d0b82bbf74959 -> 
  custom:scripting/monoscript/fileName/ARUpdateOrder.cs: f8276e5ac1883c66bdcd288ad0c70cd6 -> 
  custom:scripting/precompiled-assembly-types:Unity.XR.ARCore.Editor: 02c2db43342c23e4477f9d7b07b95cb5 -> 
  custom:scripting/monoscript/fileName/ARPlanesChangedEventArgs.cs: 2703dda10bb789ef43917252d5fd9e90 -> 
  custom:scripting/monoscript/fileName/XRDepthSubsystem.deprecated.cs: 48339247b1b387bf4f59b28195f8d8b0 -> 
  custom:scripting/monoscript/fileName/XRParticipantSubsystemDescriptor.cs: 5ae63592fd14fae9d57c8dde63f9df30 -> 
  custom:SearchIndexIgnoredProperties: e643bd26f0fe6173181afceb89e7c659 -> 
  custom:scripting/monoscript/fileName/XRHumanBody.cs: c7b22a9980909db4e8a66ae6bce43105 -> 
  custom:scripting/monoscript/fileName/XRSimulationPreferencesEditor.cs: 62de291d7bb16241ebe535c6bc859eae -> 
  custom:AudioImporter_EditorPlatform: d09bf68614088b80899f8185d706f6e7 -> 
  custom:scripting/monoscript/fileName/InputLayoutLoader.cs: 2980c1660657b98176f57e2070c5cb69 -> 
  custom:scripting/monoscript/fileName/SerializableGuidUtility.cs: f62b29bdf5cc1e0fde5dc6b8932184a2 -> 
  custom:scripting/monoscript/fileName/HandheldARInputDevice.cs: cf623326f856d46f890798f090da8267 -> 
  custom:scripting/monoscript/fileName/SimulationPlatformInterface.cs: 467dfea23532d15e62cadc6d9ad4d822 -> 
  custom:scripting/monoscript/fileName/XRTrackedImage.cs: 022160c0d74b5ffbb1dbf97d0d2b98d5 -> 
  custom:scripting/monoscript/fileName/TwoFingerDragGestureRecognizer.cs: 1ef488c75f490de584bdf1993ee87468 -> 
  custom:scripting/monoscript/fileName/ARBaseGestureInteractable.deprecated.cs: ad195700bf9c324d917080e3a1440461 -> c3f713313e9e1e04434fafd6b5a4d3e5
  custom:scripting/monoscript/fileName/ARBuildProcessor.cs: a7261c23ed233ada246edfc8263e1e8d -> 
  custom:scripting/monoscript/fileName/ARAnchorsChangedEventArgs.cs: 840ec36d48c9fa0d79deea008dda34f8 -> 
  custom:scripting/monoscript/fileName/SimulationRenderSettings.cs: ec0a4a3635bb6813cc10f0127b35c0a4 -> 
  custom:scripting/monoscript/fileName/AREditorAnalytics.cs: a84946e23b56957b6c288d582ff45b2b -> 
  custom:scripting/monoscript/fileName/TrackedImageDiscoveryParams.cs: 411fd1d32a742c815a7815691e28be2d -> 
  custom:scripting/monoscript/fileName/TrackedObjectsChangedEventUnitDescriptor.cs: c691683656d6e5affd4e4fff260113bf -> 
  custom:scripting/monoscript/fileName/GetPlanesUnitDescriptor.cs: 1782091b33c5cc2c806aa555a6f0dc6d -> 
  custom:scripting/monoscript/fileName/ValidationUtility.cs: 90647cc400823b41df847a6cbfc29026 -> 
  custom:scripting/monoscript/fileName/SerializableGuid.cs: e8827528b0f6229a8c0bcd12f1a15720 -> 13ac88a496d489dde90d77e31d916f63
  custom:scripting/monoscript/fileName/StringExtensions.cs: 06651cbf57e2b8cbe4a2b32ff7bcf593 -> 89b608f8fd139ce8d12318c6ffc11310
  custom:scripting/monoscript/fileName/ARPlaneManagerListener.cs: 98b315d4c1558a51e9dee7f4d471e92b -> 
  custom:scripting/monoscript/fileName/EnvironmentProbeParamsPropertyDrawer.cs: b69aeb97d8f1fbce0ee82b217fcad039 -> 
  custom:scripting/monoscript/fileName/SimulationXRCpuImageApi.cs: 700dd7549aaae7becea49bd75bc9d8af -> 
  custom:scripting/monoscript/fileName/AsyncConversion.cs: b1685f512b8b1f0d529bde81e584f665 -> 
  custom:scripting/monoscript/fileName/TrackableCollection.cs: 0cdf409b5aa8d4c25876d72b5c6a3b60 -> 
  custom:scripting/monoscript/fileName/HumanSegmentationDepthMode.cs: 2cc38a5a6eb12727d1d2b5db6b035e77 -> 
  custom:scripting/monoscript/fileName/XRTrackedObject.cs: eb9fb4fbc5d221a0cca8dbc198dec067 -> 
  custom:scripting/monoscript/fileName/ConfigurationChooser.cs: 2f19d59ada0b060f58a4b2e653057b25 -> 
  custom:scripting/monoscript/fileName/XRHumanBodySubsystem.cs: 563341d34ded47eaecff3df7d3860238 -> 
  custom:scripting/monoscript/fileName/XRSimulationRuntimeSettingsEditor.cs: cff042d7631a9b07b2704eed98810591 -> 
  custom:scripting/monoscript/fileName/XRObjectTrackingSubsystemDescriptor.cs: 48d0e4da2ac909b4cde8bd990db1197e -> 
  custom:scripting/monoscript/fileName/ARTranslationInteractable.deprecated.cs: 0467ff1e9614bae6d614df1aa1937fb7 -> a703499d6b2e2d2647d170413b6e66f4
  custom:scripting/monoscript/fileName/ARParticipantManagerListener.cs: 079ff648019df37a1987f3188fa8305c -> 
  custom:scripting/monoscript/fileName/CameraFacingDirection.cs: 5c2cd7c674162ba6c1c854e68d5485b6 -> 
  custom:scripting/precompiled-assembly-types:Unity.XR.Interaction.Toolkit.Editor: 3d1d550a2e914602ef119d52e26c0aef -> f5a8e764e4b210d0885fad77b3a4b306
  custom:scripting/monoscript/fileName/TrackedImagesChangedEventUnitDescriptor.cs: d74673da7a28526e165cc130f44cf3d4 -> 
  custom:scripting/monoscript/fileName/PlanesChangedEventUnit.cs: 69c0474f75a178d701cf75f614f4f69b -> 
  custom:scripting/monoscript/fileName/TrackingSubsystem.cs: 90647cc400823b41df847a6cbfc29026 -> 
  custom:scripting/monoscript/fileName/CameraTextureProvider.cs: 58bf73b4d3fb147428b8d757c114b80a -> 
  custom:scripting/monoscript/fileName/ARCoreSettings.cs: 40690c9c4969c061c980f80d35c3e6fb -> 
  custom:scripting/monoscript/fileName/XRPlaneSubsystem.cs: 093859ac2b6b7fc3b70fc625941bed11 -> 
  custom:scripting/monoscript/fileName/ConfigurationDescriptor.cs: 9c9f98951b79f802ba978138df30fd98 -> 
  custom:scripting/monoscript/fileName/FaceUpdatedEventUnit.cs: b9182ca96238b80df366b8fd7ed1071a -> 
  custom:scripting/monoscript/fileName/ARPoseDriver.cs: 545cfd81de869381012a18de5d48c0e5 -> 
  custom:scripting/monoscript/fileName/PlaneDetectionModeMaskAttribute.cs: 0bbecbc18207926b4ca1cfcddf7e4583 -> 
  custom:scripting/monoscript/fileName/ARCoreProjectValidationRules.cs: eeb621f554a206cb3c7975cb72a27397 -> 
  custom:scripting/monoscript/fileName/TouchscreenGestureInputLayoutLoader.cs: 5205244a0283cdc8062c98522a4441d1 -> 
  custom:scripting/monoscript/fileName/GetParticipantsUnit.cs: 1e8bf3cfdd712f1475b847bc732cf465 -> 
  custom:scripting/monoscript/fileName/EnvironmentProbesChangedEventUnitDescriptor.cs: 1343300f682ca6bd05cf80bb33f619ba -> 
  custom:scripting/monoscript/fileName/XRFaceSubsystemDescriptor.cs: 710b97fcd67f6eeba4a70e6fe9fd6873 -> 
  custom:scripting/monoscript/fileName/XRHumanBodyJoint.cs: 6c68fbf420e392e691815f7824b65dec -> 
  custom:audio-decoder-ogg-vorbis: bf7c407c2cedff20999df2af8eb42d56 -> 
  custom:scripting/monoscript/fileName/ARPlaneMeshVisualizer.cs: cec119a9873bc636b670ed4e3511b40d -> 
  custom:scripting/monoscript/fileName/AROcclusionFrameEventArgs.cs: e033af903cb0acd46ff4849f39e42826 -> 
  custom:scripting/monoscript/fileName/ARCameraManager.cs: 2c59209fbd293d5b87f49f80cd406ed5 -> 
  custom:scripting/monoscript/fileName/ARSelectionInteractable.deprecated.cs: cd94b236602d396e939f9e884fa580b4 -> e2305d6a29bf9aea60c3fdbae74c936c
  custom:scripting/monoscript/fileName/EnvironmentScanParams.cs: 3807e1832246946c609b8dac37a129a5 -> 
  custom:scripting/monoscript/fileName/Configuration.cs: e1f88d5c26e809ccbf42081e8154788a -> 
  custom:scripting/monoscript/fileName/LoaderUtility.cs: 76be9f8ad104289b5d0e00a2d37b66ff -> 
  custom:scripting/monoscript/fileName/PlayModeHook.cs: 45f6e3650bb12b29d48e638494c824b1 -> 
  custom:scripting/monoscript/fileName/CreateUtils.cs: d6eb62eebc0facd0262f4929f04adaf1 -> 46d4e693aea412a55fa81beae823cb64
  custom:scripting/monoscript/fileName/ARAnchor.cs: c3f780b2cf86850afd21e0595aeb6153 -> 
  custom:scripting/monoscript/fileName/IRaycaster.cs: 5544c70d7608100035623d6616577bce -> 
  custom:scripting/monoscript/fileName/FacesChangedEventUnit.cs: 0c38f5239a957c3dd316726de5cf090d -> 
  custom:scripting/monoscript/fileName/SimulationTrackedImageDiscoverer.cs: 322c3d9c38620584714a2dca426dfe11 -> 
  custom:scripting/monoscript/fileName/ArConfig.cs: 3fcec3d7584809d01b43e09f93c614f3 -> 
  custom:scripting/monoscript/fileName/Gesture.deprecated.cs: 90647cc400823b41df847a6cbfc29026 -> 
  custom:scripting/monoscript/fileName/GetPointCloudsUnit.cs: 87bea73b9d28ebfd6738b5513787e243 -> 
  custom:scripting/monoscript/fileName/XRCameraSubsystem.cs: 64b91600ca012c04444b44a811377b19 -> 
  custom:scripting/precompiled-assembly-types:Unity.XR.ARCore: 905f88ea8a843a72f400d724a929b837 -> 
  custom:scripting/monoscript/fileName/ARSessionOrigin.cs: 4f429473de483e9c426288e110976703 -> 
  custom:scripting/monoscript/fileName/XRReferenceObjectLibraryEditor.cs: 04aef79447a61f5b4ed9abf8aafb4c20 -> 
  custom:scripting/monoscript/fileName/ARPlane.cs: b53859bb2a6098ae6bf42116c3675d9b -> 
  custom:scripting/precompiled-assembly-types:Unity.XR.Interaction.Toolkit: 98f865df82d8bac78356c477832bc30f -> 73fa42c28510bdf2cc8b5f0fa60a8220
  custom:scripting/monoscript/fileName/AsyncConversionStatus.cs: fc109f05ccdd7ee38c25be79c450abcf -> 
  custom:scripting/monoscript/fileName/ARHumanBodiesChangedEventArgs.cs: b16d1eaadd15193ab95b7e7e840c8c69 -> 
  custom:scripting/monoscript/fileName/BoundedPlane.cs: d01a39a8f14ce6d9a10a8e338f8b7835 -> 
  custom:audio-encoder-webm-vorbis: bf7c407c2cedff20999df2af8eb42d56 -> 
  custom:scripting/monoscript/fileName/Constants.cs: fa6d96fdd2d7e3c2764da033a501daf2 -> 
  custom:scripting/monoscript/fileName/ITrackable.cs: 6abfbc2d1fcb9b9add0e1f882a81c1c7 -> 
  custom:scripting/monoscript/fileName/TrackedImagesChangedEventUnit.cs: 2780447b4dc40d05bc1855eb90e9263f -> 
  custom:scripting/monoscript/fileName/ARTrackable.cs: 0d3009fecc67abdc50e7491f4f253c9f -> 
  custom:scripting/monoscript/fileName/ARCorePermissionManager.cs: 532f7d03090ae14ae9bbbd403c359df8 -> 
  custom:scripting/monoscript/fileName/ARCoreImageLibraryBuildProcessor.cs: 3f33f565654fcd80e4aa61a92c2169a1 -> 
  custom:scripting/monoscript/fileName/DiscoveredPlane.cs: 1839e2b8d7642e6a56b670bbadf7d6b0 -> 
  custom:scripting/monoscript/fileName/PoseUtils.cs: 349f061c3ea63270a80519473ada5150 -> 
  custom:scripting/monoscript/fileName/GetParticipantsUnitDescriptor.cs: 6f93687e0466597b8a59c9007b9cb4c3 -> 
  custom:scripting/monoscript/fileName/SimulationLoader.cs: f321d85f2e4780c8119d2e21fc538467 -> 
  custom:scripting/monoscript/fileName/ARParticipant.cs: f683d8d8dec771a8931ad627bdcebdc2 -> 
  custom:scripting/monoscript/fileName/CameraBackgroundRenderingMode.cs: 1aca6d697a44c28d351d68d5cc88333d -> 
  custom:scripting/monoscript/fileName/XREnvironmentProbeSubsystemDescriptor.cs: 6d0989995bfd13831fe7436c1857de37 -> 
  custom:scripting/monoscript/fileName/TwistGesture.cs: e678504190b3c32eb24267be6171b54d -> 
  custom:scripting/monoscript/fileName/XRImageTrackingSubsystemDescriptor.cs: 3c407f896fdba2de2933595e2d01116c -> 
  custom:scripting/monoscript/fileName/ARParticipantsChangedEventArgs.cs: dd53b670cb1cac889ef41a7a4c8c5f55 -> 
  custom:scripting/monoscript/fileName/GetHumanBodiesUnit.cs: e01db5d1eaee1a711363e99dc9fa8b98 -> 
  custom:scripting/monoscript/fileName/GetRaycastsUnitDescriptor.cs: 48d42032212b8e9f1b36b7bbf990be04 -> 
  custom:scripting/monoscript/fileName/SimulationSessionAnalyticsArgs.cs: 078abe4bfc81a75769093b632264aa4c -> 
  custom:scripting/monoscript/fileName/DragGestureRecognizer.cs: f5317ef537fead5e7fbd31269598468c -> 
  custom:scripting/monoscript/fileName/Api.cs: b1685f512b8b1f0d529bde81e584f665 -> 
  custom:scripting/monoscript/fileName/ARHumanBodyManagerListener.cs: ea7b8cc3ef8a2a7d86cdde359939efc1 -> 
  custom:scripting/monoscript/fileName/Gesture.cs: 90647cc400823b41df847a6cbfc29026 -> 
  custom:scripting/monoscript/fileName/SimulationUIAnalyticsArgs.cs: 85986d2ad850e558cfe395c243eb0e35 -> 
  custom:scripting/monoscript/fileName/AnchorsChangedEventUnitDescriptor.cs: b8cae49f5e707e105edf245d5d81eb59 -> 
  custom:scripting/monoscript/fileName/ARRotationInteractable.deprecated.cs: ff083a1113a2dccb5f09689f6e1f7637 -> ef05ad0cdf7b6f2eb154a3701cfbbfab
  custom:scripting/monoscript/fileName/XREnvironmentViewManager.cs: ff11af8d0dc19d306237f28cbfd4e401 -> 
  custom:scripting/monoscript/fileName/ArRecordingConfig.cs: dfdb22d280f26bff6727fe6f9c34f9d1 -> 
  custom:scripting/monoscript/fileName/PlaneVoxel.cs: fbe003685add71cac6507a11584dfd4e -> 
  custom:scripting/monoscript/fileName/SimulationEnvironmentAssetsManager.cs: ded36a633eb35e65c92e51f2b937e496 -> 
  custom:scripting/monoscript/fileName/ArCoreImg.cs: 284f8bc57305622727946cdceadb2cef -> 
  custom:scripting/precompiled-assembly-types:Unity.XR.ARAnalytics.Editor: 22574fdc8ab630dfafdf183188a9d00d -> 
  custom:scripting/monoscript/fileName/ARRaycastUpdatedEventArgs.cs: b2116c990c25dc27d20afd00f0ea2c4b -> 
  custom:scripting/monoscript/fileName/GetFacesUnit.cs: 848f986f90aba9841386dd2002c4ae88 -> 
  custom:scripting/precompiled-assembly-types:Unity.XR.ARFoundation.VisualScripting: 5a627766a120d1c2327042473ca42e6a -> 
  custom:scripting/monoscript/fileName/GetTrackedImagesUnitDescriptor.cs: b4d0ec91d6d06a0a04f32bde16255c53 -> 
  custom:scripting/monoscript/fileName/ParticipantsChangedEventUnitDescriptor.cs: 05303b3b7e2ce5bb24fd904546c5d508 -> 
  custom:scripting/monoscript/fileName/SimulationPackageMetadata.cs: c13e5d9c99c2aecb32496c211273e15e -> 
  custom:scripting/monoscript/fileName/XRAnchorSubsystem.cs: e6d580c6cc9c96bd08decf6eaad6249c -> 
  custom:scripting/monoscript/fileName/MeshQueue.cs: dffa3bd43d6b4fd1fc4555e7afa42276 -> 
  custom:scripting/monoscript/fileName/ARScaleInteractable.deprecated.cs: e3bc2e81e4d95c8f1269a26d269f5b19 -> a1103418657863c1002097ddf3208e5a
  custom:scripting/monoscript/fileName/ARCoreSessionSubsystem.cs: 0499cfac149f3ba6a8678a379c5077a0 -> 
  custom:scripting/monoscript/fileName/SimulationPlaneVisualizer.cs: 586046fadd2891c819b6e9250be8229e -> 
  custom:scripting/monoscript/fileName/ARPointCloudUpdatedEventArgs.cs: 7e118a31014b4d766fad33e7843c7aaa -> 
  custom:scripting/monoscript/fileName/XRPointCloud.cs: 4ded1d79b257c065b8e6a180eb2a2252 -> 
  custom:scripting/monoscript/fileName/ARCoreOcclusionSubsystem.cs: 2a111039ddadb09f587c28ae3f37fc2b -> 
  custom:scripting/monoscript/fileName/ARTrackedObjectManagerListener.cs: 75668320a9563fcd544a92f9610b1daf -> 
  custom:scripting/monoscript/fileName/ARCoreXRPointCloudSubsystem.cs: a817e9a702204b3fa3e30b3243847693 -> 
  custom:scripting/monoscript/fileName/FindObjectsUtility.cs: c250e105b567049be2d7674c455c9970 -> 
  custom:scripting/monoscript/fileName/Gradle.cs: f2ad869b521aeebb9f3c8c6665622b87 -> 
  custom:scripting/monoscript/fileName/XRAnchor.cs: 5dfb4f3cf8d10dc1968170631c967539 -> 
  custom:video-codec-MediaFoundation-h265: 746d11721c4dcdbdad8f713fa42b33f4 -> 
  custom:scripting/monoscript/fileName/PlaneFindingParams.cs: b5d344be442e0b70e2a2fd4b43549791 -> 
  custom:scripting/monoscript/fileName/MaterialInspector.cs: c863f1ec0a0c3b279e6c736e0d2d6898 -> 
  custom:scripting/monoscript/fileName/XRCameraConfiguration.cs: 2a3c102a0e8e566ddb2e1ed78ab9cd6f -> 
  custom:scripting/monoscript/fileName/FaceUpdatedEventUnitDescriptor.cs: 4b129d04151c576561307e75aaf35ed2 -> 
  custom:scripting/monoscript/fileName/XRReferenceImageLibraryEditor.cs: 6e16575b59fef8f50fa144316217cbc1 -> 
  custom:scripting/monoscript/fileName/TrackingMode.cs: 1c1d96c732a48363e369f716666d32dc -> 
  custom:video-decoder-ogg-theora: a1e56fd34408186e4bbccfd4996cb3dc -> 
  custom:scripting/monoscript/fileName/XRayRegion.cs: 16680a6806fc5459b02a9657c223005b -> 
  custom:scripting/monoscript/fileName/Assert.cs: 8e3102bfe2c61769e1c41a7a4017bb12 -> 
  custom:scripting/monoscript/fileName/SceneHook.cs: 908c0f54c160a6ae56fd4ab3ab714edd -> 
  custom:scripting/monoscript/fileName/IReferenceImageLibrary.cs: dbb2a413ff5d5eb59de3b2bfc90ad5c2 -> 
  custom:scripting/monoscript/fileName/BuildHelper.cs: 292a077908b6140f9083de5a82361a50 -> 
  custom:scripting/monoscript/fileName/ARTrackedImage.cs: 23fdf0455a65b13b9d879942edb9f7c7 -> 
  custom:scripting/monoscript/fileName/ScopedProfiler.cs: 38ec2724f11034f2c01514181b36b402 -> 
  custom:scripting/monoscript/fileName/ARPointCloudManagerListener.cs: 83cda3c4ff93a1a0f317419456ed6f12 -> 
  custom:scripting/monoscript/fileName/XRReferenceImageLibraryBuildProcessor.cs: b571a7d532a8407115f1b5fb081e330a -> 
  custom:scripting/monoscript/fileName/ArPlaybackStatus.cs: f77b11c84a00703de9d452d424518caa -> 
  custom:scripting/monoscript/fileName/TransformExtensions.cs: 445d792a43dde51e930b7f6a9a75b03f -> fd126d2bad7fa2d4054ceea030fa50cf
  custom:scripting/monoscript/fileName/GestureTransformationUtility.deprecated.cs: ba4d9769621153e26f93225586052f8b -> 
  custom:scripting/monoscript/fileName/ARHumanBody.cs: 5e06f983da1724be789ae2a5be64f29f -> 
  custom:scripting/monoscript/fileName/XREnvironmentProbe.cs: 9b160615f5508a465d8797f5cc7a89e3 -> 
  custom:scripting/monoscript/fileName/ARTransformer.cs: e7e217f01217c2762a94b1ceb8563a3e -> 
  custom:scripting/monoscript/fileName/ARCorePackageMetadata.cs: 1751e19b3bc5d304ce814e7f02fa6d47 -> 
  custom:scripting/monoscript/fileName/ARCorePromise.cs: 90647cc400823b41df847a6cbfc29026 -> 
  custom:scripting/monoscript/fileName/SimulationAnchorImpl.cs: b41b39c1f1c99233d3fe295ece1e14dc -> 
  custom:scripting/monoscript/fileName/XRRaycastSubsystem.cs: e460d7090f464bfc78600c55312d0f4e -> 
  custom:scripting/monoscript/fileName/ARCoreLoader.cs: 2c650baba67f1e04bc070894acda684f -> 
  custom:scripting/monoscript/fileName/PreprocessBuildEventArgs.cs: 4b543558c03873777fc6c881dc0373db -> 
  custom:scripting/monoscript/fileName/ARCoreXRDepthSubsystem.deprecated.cs: 9f24fee25a0b08179d7d1cb09e2e51f5 -> 
  custom:scripting/monoscript/fileName/XRSessionUpdateParams.cs: 1d26d8d97c544554b3b0a208616430eb -> 
  custom:scripting/monoscript/fileName/GetPlanesUnit.cs: f955218f6fdf35c9ddd014072ffee0cd -> 
  custom:scripting/monoscript/fileName/TrackablesChangedEventUnitDescriptor.cs: 90647cc400823b41df847a6cbfc29026 -> 
  custom:scripting/monoscript/fileName/ARCoreEnvironmentProbeSubsystem.cs: 1b868584605b2895b3934baf5f9f6033 -> 
  custom:scripting/precompiled-assembly-types:Unity.XR.ARFoundation.Editor: 389a2fca3a4f99a4c4165067d380b303 -> 
  custom:scripting/monoscript/fileName/GetFacesUnitDescriptor.cs: 66152e1b4b2149bf77dd54e2727e0f57 -> 
  custom:scripting/monoscript/fileName/ARAnchorManager.cs: fe4ceb11879ce62e08589d1b533c5b5c -> 
  custom:scripting/monoscript/fileName/ARCameraBackground.cs: f64f8d4bbfcde8a820f2c0f2f1e8712b -> 
  custom:scripting/monoscript/fileName/SimulationUtils.cs: 7aecea7c9ff4f4105413b8fef5b578fe -> 
  custom:scripting/monoscript/fileName/EnvironmentProbeParams.cs: eef367a1ec9351ec3919e99cf784ebde -> 
  custom:CustomObjectIndexerAttribute: 72b91833f83ae208fae7752999fa3104 -> 
  custom:scripting/monoscript/fileName/XREnvironmentProbeSubsystem.cs: 165b595088e3034859317ea514f0ecba -> 
  custom:scripting/monoscript/fileName/GestureRecognizer.cs: 849ed7f5b11c9db237ef61b01c5a5104 -> 
  custom:scripting/monoscript/fileName/XRayRuntimeUtils.cs: 44e4615e97afc1b383195393c066655f -> 
  custom:scripting/monoscript/fileName/ARFaceUpdatedEventArgs.cs: e41d4743ada2e04251b37910f7d2f2d2 -> 
  custom:scripting/monoscript/fileName/HumanBodiesChangedEventUnitDescriptor.cs: b5e302759bcea21ddd87db371463fe19 -> 
  custom:scripting/monoscript/fileName/AREnvironmentProbesChangedEvent.cs: d3ede3876cb31e16bd82d66b0a678abd -> 
  custom:scripting/monoscript/fileName/PlaneRaycaster.cs: bc1c0c51e0c950a5f33b4ba3cafbd828 -> 
  custom:scripting/monoscript/fileName/ARRenderingUtils.cs: de3d1c4f5022a2a032d4af40245ee17b -> 
  custom:container-demuxer-webm: 4f35f7cbe854078d1ac9338744f61a02 -> 
  custom:scripting/monoscript/fileName/XRSimulationPreferences.cs: 163a72d10bf443c8a25ad6ce61f120ca -> 
  custom:scripting/monoscript/fileName/SimulationEnvironmentProbeSubsystem.cs: f0fdf6272a075f3c00293c4ed970a3f3 -> 
  custom:scripting/monoscript/fileName/PointCloudsChangedEventUnitDescriptor.cs: 6b017d643e5a661e76d192143f949fe1 -> 
  custom:scripting/monoscript/fileName/SimulationEditorUtilities.cs: ce09e2bddc1549314e728c9b115b7318 -> 
  custom:scripting/monoscript/fileName/SimulatedEnvironmentProbe.cs: 6d41f5d169eadd5718d40f9f60081e8d -> 
  custom:scripting/monoscript/fileName/ARCoreRaycastSubsystem.cs: 4746ee3ed0cece0abfde776c634af447 -> 
  custom:scripting/monoscript/fileName/XRReferenceObjectLibrary.cs: a6d4711b597b8d7631b2491c068545fc -> 
  custom:scripting/monoscript/fileName/XRCameraFrame.cs: 614097eeeddccb2a8d2ec08df6229787 -> 
  custom:scripting/monoscript/fileName/XRSubsystem.deprecated.cs: 90647cc400823b41df847a6cbfc29026 -> 
  custom:scripting/monoscript/fileName/GestureTouchesUtility.cs: 441d39d00e5c5c3f831acdf83030ad19 -> 
  custom:scripting/monoscript/fileName/GetTrackedObjectsUnitDescriptor.cs: e47ec88ab84d479d9d62380a9412e17d -> 
  custom:scripting/monoscript/fileName/ARCoreFaceSubsystem.cs: c496ea8c93654d4c22c4220a77e9a21d -> 
  custom:scripting/monoscript/fileName/SampleEnvironmentsHelper.cs: 8edfa6ad0ab18dc00b9d3c48a433d6cf -> 
  custom:scripting/monoscript/fileName/PinchGesture.cs: bd87c2706e999d6273c69ae4b74bfadc -> 
  custom:scripting/monoscript/fileName/XRReferenceObjectLibraryExtensions.cs: e17e8f6564ebea904d343b7605bf8c24 -> 
  custom:scripting/monoscript/fileName/TapGestureRecognizer.cs: c532528b9ad1a24f602bb16866ae5c67 -> 
  custom:scripting/monoscript/fileName/XRDepthSubsystemDescriptor.deprecated.cs: 829ab52ba28494a6166026aa3f9ad1ad -> 
  custom:scripting/monoscript/fileName/Java.cs: 23333680cb2e70ba8bbce74628d877c3 -> 
  custom:scripting/monoscript/fileName/ARMeshManager.cs: 61866862bf0d3c0a1236f513d1884580 -> 
  custom:scripting/monoscript/fileName/GuidUtil.cs: f92f0341d94f269381d41631abcea62f -> d1f5a09d9fee592e550b9629f93c4c63
  custom:scripting/monoscript/fileName/SessionStateChangedEventUnitDescriptor.cs: c6dd0fca3285e3f16b652ed24b18825f -> 
  custom:scripting/monoscript/fileName/GetPointCloudsUnitDescriptor.cs: a7c9d13eddff92d1362a907b8813e8b8 -> 
  custom:scripting/monoscript/fileName/GuidExtensions.cs: 44db2c6de632233215541342af9cfb6b -> 4f96c234827c9f502739689050ba31d7
  custom:scripting/monoscript/fileName/LightEstimation.cs: 6cfa7177083321dcce146e0df74ab6e8 -> 
  custom:scripting/monoscript/fileName/TwoFingerDragGesture.deprecated.cs: 607e0b851d6132df7b1011f58503d6a1 -> 
  custom:scripting/monoscript/fileName/SubsystemLifecycleManager.cs: 90647cc400823b41df847a6cbfc29026 -> 
  custom:scripting/monoscript/fileName/RcoApi.cs: 1b7d1343bf82f11ff12a2ad830cbbf88 -> 
  custom:scripting/monoscript/fileName/ARPlacementInteractable.deprecated.cs: 4d34f752a48e86c46b5e3940678105aa -> 0f952c7a0c3c29860ccbca1d427bec1b
  custom:scripting/monoscript/fileName/SimulationEnvironmentScanner.cs: 79c5cc498175c3fc40bd4103458db5ca -> 
  custom:scripting/monoscript/fileName/SimulationCamera.cs: 65fd8eb9eb306e40c88f046573d4ef0b -> 
  custom:scripting/monoscript/fileName/ARCoreLoaderSettings.cs: 98d75423d90e6a85b8a5d383cd4fad48 -> 
  custom:scripting/monoscript/fileName/Transformation.cs: 0dbf90ddaadf0405507add4b334fb3ba -> 
  custom:scripting/monoscript/fileName/XRSimulationRuntimeSettings.cs: b523ae7ca0d58745909a89f216098218 -> 
  custom:scripting/monoscript/fileName/AddReferenceImageJobState.cs: e425b44d19a70e5b72f3014fb7a18a36 -> 
  custom:scripting/monoscript/fileName/TrackablesChangedEventUnit.cs: 90647cc400823b41df847a6cbfc29026 -> 
  custom:scripting/monoscript/fileName/CameraFrameReceivedEventUnit.cs: 62560a96d43681ac6efe15f24ed746b3 -> 
  custom:scripting/monoscript/fileName/SimulationEnvironmentEditor.cs: 62587ce180ef5d9c5e672daee630f10d -> 
  custom:scripting/monoscript/fileName/SimulationEnvironment.cs: 0c7c82e33d0c557d6e04cc7ccf80d8f8 -> 
  custom:scripting/monoscript/fileName/SessionStateSwitchUnit.cs: ecb6f559a326a309ffca720175ba1f8a -> 
  custom:scripting/monoscript/fileName/BaseSimulationSceneManager.cs: 5aaea97b570093548e37377abf59b2ff -> 
  custom:scripting/monoscript/fileName/XRReferenceImage.cs: cc885b928e2d4aabc53e72ad3a4754a6 -> 
  custom:scripting/monoscript/fileName/AROcclusionManager.cs: 218bc72f075c7d56e2c8406f9fbba123 -> 
  custom:scripting/monoscript/fileName/TrackedObjectsChangedEventUnit.cs: 1d25ee53024bf6d02160d406e2ef2317 -> 
  custom:scripting/monoscript/fileName/ARTrackedImagesChangedEventArgs.cs: c5a27adfe435f7a84ad0382afa1b0c92 -> 
  custom:scripting/monoscript/fileName/ARFaceMeshVisualizer.cs: 02b460d5f2b6368936c9ead58fb93e58 -> 
  custom:scripting/monoscript/fileName/SimulationPreferencesProvider.cs: 504a9658ebb3ee5a0632676edf72cdd5 -> 
  custom:scripting/monoscript/fileName/ARSessionEditor.cs: 314d9be71d10657eb27ef5e11794e341 -> 
  custom:scripting/monoscript/fileName/ArString.cs: a85954ac20e0c75f9dbcbebac19f7fbf -> 
  custom:scripting/monoscript/fileName/ToolButton.cs: b8a91f56c6bb4a2b822a2d6e0236fbc8 -> 
  custom:scripting/monoscript/fileName/XRCameraIntrinsics.cs: 4b8e8fc2ec43b565add9620b9dbc1b68 -> 
  custom:scripting/monoscript/fileName/SubsystemsUtility.cs: eda2773f62ffc4a48072ebe2abc37af2 -> 
  custom:scripting/monoscript/fileName/SimulationBuildProcessor.cs: 5f63df23470d0fad085e45d8de89224e -> 
  custom:scripting/monoscript/fileName/SessionStateSwitchUnitDescriptor.cs: 8ceb0eecb7a46032c884ec2c513efc75 -> 
  custom:scripting/monoscript/fileName/ARPointCloudChangedEventArgs.cs: 611e28116723d2b69fa0a4321f7a65a6 -> 
  custom:scripting/monoscript/fileName/XRCameraSubsystemDescriptor.cs: c403ec65be36fe8c5146f01b8bbfe049 -> 
  custom:scripting/monoscript/fileName/ARCoreBeforeSetConfigurationEventArgs.cs: 234cd91ed3cdf60645705e8837e7e78d -> 
  custom:scripting/monoscript/fileName/ARCoreCameraSubsystem.cs: 2cce9a0f290d5c7a0cb70e2a3b0af3ab -> 
  custom:scripting/monoscript/fileName/TwistGestureRecognizer.cs: 666569e0236610275a93f126961bb0e5 -> 
  custom:scripting/monoscript/fileName/XRReferenceObject.cs: fc34f4a4234e9a29316a073fbd02a03c -> 
  custom:scripting/monoscript/fileName/AddReferenceImageJobStatus.cs: 9e049cc004b5da9ae447d349ebffa743 -> 
  custom:scripting/monoscript/fileName/ARCameraBackgroundEditor.cs: dccbc64997c65927efca78decd59298e -> 
  custom:scripting/monoscript/fileName/XRReferenceObjectEntry.cs: b47986b67a84647c38d0f296f4734aea -> 
  custom:scripting/monoscript/fileName/PlaneDiscoveryVoxelGrid.cs: 1f783cfbbe64ae912f5eb045d33c9a08 -> 
  custom:scripting/monoscript/fileName/SimulationPlaneSubsystem.cs: 096fb4ec11cbc51749dd1d5c1fda06f1 -> 
  custom:scripting/monoscript/fileName/SimulationApi.cs: 21adf40359762246bb94df8af6044299 -> 
  custom:scripting/precompiled-assembly-types:Unity.XR.Simulation.Editor: e8fa7631ed4eb6d7a4948d7848b6a187 -> 
  custom:scripting/monoscript/fileName/SimulatedAnchor.cs: d7c4706fe01c5129f77dcfe30fb49a27 -> 
  custom:scripting/monoscript/fileName/XRManagerUtility.cs: 15745958511f307ac1f13ec36cf5cd91 -> 
  custom:scripting/monoscript/fileName/FacesChangedEventUnitDescriptor.cs: 16b35ff1ccfe4284f92ffef282b3d104 -> 
  custom:scripting/monoscript/fileName/ARCoreImageDatabase.cs: 7f7d7783973546d2000bf9aa32566b8f -> 
  custom:scripting/monoscript/fileName/RuntimeReferenceImageLibrary.cs: 13ba3d3ddb5cda4f79e3dfa78272c794 -> 
  custom:scripting/monoscript/fileName/XRRaycastHit.cs: a88ce8347620d4c3d80414850d7d5d63 -> 
  custom:scripting/precompiled-assembly-types:Unity.XR.Simulation: 325a27d30e15b74ee18a3c1c7c83d178 -> 
  custom:scripting/monoscript/fileName/TouchscreenGestureInputController.cs: f2f8ee4f24289a0fe51b249128fe5724 -> 
  custom:scripting/monoscript/fileName/GetTrackablesUnit.cs: 90647cc400823b41df847a6cbfc29026 -> 
  custom:scripting/monoscript/fileName/GetHumanBodiesUnitDescriptor.cs: bb98f10bcc48bd86c75deb3ffd682fe9 -> 
  custom:scripting/monoscript/fileName/EnvironmentScanParamsPropertyDrawer.cs: 2121c27e40d5b2dc07799915bed0f88c -> 
  custom:scripting/monoscript/fileName/ARHumanBodyManager.cs: a01c9599ce19017697d8b67aec462eed -> 
  custom:scripting/precompiled-assembly-types:Unity.XR.ARSubsystems.Editor: 30003016644227704ad1a95c67c2b612 -> 
  custom:scripting/monoscript/fileName/Promise.cs: 0cdf409b5aa8d4c25876d72b5c6a3b60 -> 
  custom:scripting/monoscript/fileName/ARCameraManagerListener.cs: 80b0e9f4317f6f9dd917ac0c5d6017e8 -> 
  custom:scripting/monoscript/fileName/TrackableManagerListener.cs: 90647cc400823b41df847a6cbfc29026 -> 
  custom:scripting/monoscript/fileName/PinchGestureRecognizer.cs: 11d008cce76e3bae85b61649a032f7c9 -> 
  custom:scripting/monoscript/fileName/AROcclusionManagerEditor.cs: 213a50163ed797ad8e03c9e6f8b67ca1 -> 
  custom:scripting/monoscript/fileName/ARDebugMenu.cs: 20d752a03d81283598cc0d170d0f55e8 -> 
  custom:scripting/monoscript/fileName/GetEnvironmentProbesUnitDescriptor.cs: 2d1247e4dadaca39713cfd4e62931661 -> 
  custom:scripting/monoscript/fileName/XROcclusionSubsystemDescriptor.cs: 34debb040dd414fbd96d2015f81a50d1 -> 
  custom:scripting/monoscript/fileName/SimulationSessionSubsystem.cs: 02ddfd7d0bea7527649028640cc2256e -> 
  custom:scripting/monoscript/fileName/AnchorsChangedEventUnit.cs: 842f1b72d91bd0ca5651211fbd4fcecd -> 
  custom:scripting/monoscript/fileName/SimulationConstants.cs: 1776b27a51e3ba9f5f60578111b7d666 -> 
  custom:scripting/monoscript/fileName/EnvironmentProbesChangedEventUnit.cs: 8488b9cae0e06c9a0a3769f58278a43b -> 
  custom:scripting/monoscript/fileName/SimulationRaycasterRegistry.cs: 7317575bc32b9bcf7ce7e088dcf3eaa8 -> 
  custom:scripting/monoscript/fileName/SimulationMeshSubsystem.cs: 0920f0ed5273d61df2ed94d4145e240a -> 
  custom:scripting/monoscript/fileName/ARRaycastHit.cs: e2cf7b50af20820c044440bbe671fea9 -> 
  custom:scripting/monoscript/fileName/XRRaycast.cs: 6fff0a2e2c71494691793c44b24b33ef -> 
  custom:scripting/monoscript/fileName/ARFacesChangedEventArgs.cs: 9f732c717790e59a35e5b58d0e7e4c9e -> 
  custom:scripting/monoscript/fileName/PlaneAlignment.cs: 01040ef3c3f48ab7290e1503ca6e9c28 -> 
  custom:scripting/monoscript/fileName/ARTrackedObjectsChangedEventArgs.cs: 5cef0e252032aa6127132df4f9a08259 -> 
  custom:scripting/monoscript/fileName/XROcclusionSubsystem.cs: 9309b78b853379b8deca5715c60abec1 -> 
  custom:scripting/monoscript/fileName/DefaultConfigurationChooser.cs: f24e13f28988d14c36b0b00ad4f54d72 -> 
  custom:scripting/monoscript/fileName/XRAnchorSubsystemDescriptor.cs: ccd4c47b552e574ccc238106e47b9207 -> 
  custom:scripting/monoscript/fileName/GetTrackedObjectsUnit.cs: 4280249f6ca927a8c2ad6b94958faa2e -> 
  custom:scripting/monoscript/fileName/ArRecordingStatus.cs: 1e851bf64f38781ab761ff7585b2fc01 -> 
  custom:scripting/monoscript/fileName/ARUsageAnalyticsArgs.cs: 1a78eea3dbc84e2ccc5fa8e34d4b16b1 -> 
  custom:scripting/monoscript/fileName/PointCloudsChangedEventUnit.cs: cc2d176c6c989edaec665ec9d3f7e7f8 -> 
  custom:video-encoder-webm-vp8: eb34c28f22e8b96e1ab97ce403110664 -> 
  custom:scripting/monoscript/fileName/XROriginCreateUtil.cs: 77d1615465fcdd2d108636763b670982 -> 
  custom:scripting/monoscript/fileName/ARTransformerEditor.cs: 3679c2a4e66c8ebcf4a32435a13ab74e -> 
  custom:scripting/monoscript/fileName/ARParticipantManager.cs: f4ef5f485065ed5a1f9fc8a8ac0a77f4 -> 
  custom:scripting/monoscript/fileName/SimulationEnvironmentLayerNameCheck.cs: 7b89f96d2b3b248e712f706d4fb18388 -> 
  custom:scripting/monoscript/fileName/ARFaceListener.cs: 97b8675b2524adc6fbd2c91f18f87e69 -> 
  custom:scripting/monoscript/fileName/ARTrackedImageManagerListener.cs: 1d4ffeb9725d65a2fd148bfdbfe6dd77 -> 
  custom:scripting/monoscript/fileName/ARCameraBackgroundRenderingUtils.cs: 34ef7588647d3dd73434ccb9b87a1f19 -> 
  custom:scripting/monoscript/fileName/SessionStateChangedEventUnit.cs: 203e8bd9889847cd98c0ee5883890b76 -> 
  custom:scripting/monoscript/fileName/XRCameraFrameExifData.cs: 296066383e8bd26fe716e5135e1f94ba -> 
  custom:scripting/monoscript/fileName/TrackableId.cs: e3b94fc1f69378334cebd8235dfb0db3 -> 
  custom:scripting/monoscript/fileName/SessionAvailability.cs: aba22cb76004750d18e78922fdc67970 -> 
  custom:scripting/monoscript/fileName/SceneUtils.cs: e4139b47c22b93ba62168857ee624426 -> 
  custom:scripting/monoscript/fileName/SimulationCameraSubsystem.cs: 711a3572aaeec67b947eb488e6f8deb9 -> 
  custom:scripting/monoscript/fileName/SimulationRuntimeImageLibrary.cs: 7f44de255eed0801113cc3032556671b -> 
  custom:scripting/monoscript/fileName/SerializableGuidUtil.cs: 301b8bc5f1c67ccc31545d311cc07034 -> 32d48c1ce2e2a96b72bee78a51a5306f
  custom:scripting/monoscript/fileName/CpuImageFormat.cs: f9e3d836e01441e4d5032a41cc87117d -> 
  custom:scripting/monoscript/fileName/CameraTextureFrameEventArgs.cs: 9e9c5049bacf17431910a1cc514cf23b -> 
  custom:scripting/monoscript/fileName/XRReferenceImageLibrary.cs: c31b82edc9c57630b8224fbfaf6e4f46 -> 
  custom:scripting/precompiled-assembly-types:Unity.XR.ARFoundation.VisualScripting.Editor: 0f0dbca735f1f481bf8f280ea81b7fb9 -> 
  custom:scripting/monoscript/fileName/AREditorAnalyticsEvent.cs: 90647cc400823b41df847a6cbfc29026 -> 
  custom:scripting/monoscript/fileName/ARAnchorManagerListener.cs: 98ed6a23892816346851b2846ea5255f -> 
  custom:scripting/monoscript/fileName/XRImageTrackingSubsystem.cs: 7829a4ccccda0643ef676711c10f6be7 -> 
  custom:scripting/monoscript/fileName/CameraFrameReceivedEventUnitDescriptor.cs: 78c93c920b87955ccc84ecb5df0d0d48 -> 
  custom:scripting/monoscript/fileName/XRObjectTrackingSubsystem.cs: 0e083c5ecef7ada9d8399cfff9ca4119 -> 
  custom:scripting/monoscript/fileName/PlaneDetectionModeAttributeDrawer.cs: e04c0c448b856ab94f60c56be7751fc6 -> 
  custom:scripting/monoscript/fileName/EditorSimulationSceneManager.cs: bc844af3595566df156e7b0f9a388e3f -> 
  custom:scripting/monoscript/fileName/TwoFingerDragGesture.cs: 607e0b851d6132df7b1011f58503d6a1 -> 
  custom:scripting/monoscript/fileName/NativeCopyUtility.cs: c7fbc9feb0e47601484d6e44770e756a -> 
  custom:scripting/monoscript/fileName/SimulationXRayManager.cs: 6f4d5afe290867abd4ece4c454d593a3 -> 
  custom:scripting/monoscript/fileName/ARRaycastManager.cs: fca1facaff445909873206e9b5d2f2d0 -> 
  custom:scripting/monoscript/fileName/ARCoreFaceRegionData.cs: c3e1f4c128987c270a2af588eecf348c -> 
  custom:scripting/monoscript/fileName/GetRaycastsUnit.cs: 9e328bd62bdf24a049b4e5fc62bb8d4f -> 
  custom:scripting/precompiled-assembly-types:Unity.XR.ARFoundation: aa8f1e1e67b2056d36502dbfb671b4f9 -> 
  custom:scripting/monoscript/fileName/XRSimulationSettingsEditor.cs: c07202acde2aca175b9a6571f2e716f7 -> 
  custom:scripting/monoscript/fileName/XREnvironmentViewUtilities.cs: 331fc0a8ab2668403705b58d7fab9f3e -> 
  custom:scripting/monoscript/fileName/ARCoreApi.cs: b7be0b56411f0cdcb6a1075249abb802 -> 
  custom:scripting/monoscript/fileName/SimulationImageInfo.cs: 0ccf8345ef98951f3cffa3f08beb870c -> 
  custom:scripting/monoscript/fileName/ARFaceManagerListener.cs: 9447eba9842f296456013220c84874c3 -> 
  custom:scripting/monoscript/fileName/ARCoreCpuImageApi.cs: 7e0d7ea0378a04357bca45463bebfe57 -> 
  custom:scripting/monoscript/fileName/ARPointCloudManager.cs: 388b87647138632d19ebe1dd47756056 -> 
  custom:scripting/monoscript/fileName/ARAnnotationInteractable.deprecated.cs: 22ac61b93cbc157e505675fc0833a424 -> 1c1b89a97feaefc02bfceb17a35996d5
  custom:scripting/monoscript/fileName/XRFace.cs: fc74c5c9c10c84e43dc79a564c0e3066 -> 
  custom:scripting/monoscript/fileName/DragGesture.deprecated.cs: 9ee422a60d2a85accaee4f5aab4b91aa -> 
  custom:scripting/monoscript/fileName/GetEnvironmentProbesUnit.cs: b554af83d231ce0a470c8a2366fcd6f2 -> 
  custom:scripting/monoscript/fileName/SimulationAnchorParams.cs: 4137fe2694314c902f5d66f8f50c305e -> 
  custom:scripting/monoscript/fileName/AREnvironmentProbeManager.cs: 71a4dc22fd53f24ee05667ed7d6a2446 -> 
  custom:scripting/monoscript/fileName/ARFace.cs: 59f2f841b672e84c40b075fb8a7d2199 -> 
  custom:scripting/monoscript/fileName/SimulatedBoundedPlane.cs: 4823976364680bc283a7d3c12d207e64 -> 
  custom:scripting/monoscript/fileName/ParticipantsChangedEventUnit.cs: 7d16cb9a10648cf0862f684fc26fe981 -> 
Editor requested this worker to shutdown with reason: Scaling down because of idle timeout
TcpMessagingSession - receive error: operation aborted. errorcode: 995, details: Operazione di I/O terminata a causa dell'uscita dal thread oppure della richiesta di un'applicazione.
AssetImportWorker is now disconnected from the server
Process exiting
Exiting without the bug reporter. Application will terminate with return code 0